Added Component: Designator=C1(_0805)
Add component. Clean all parameters for all variants
Add component (AddParameter): Name = "Value"; Value = "100nF"; VariantName = "[No Variations]"
Added Component: Designator=C2(_0805)
Add component. Clean all parameters for all variants
Add component (AddParameter): Name = "Value"; Value = "100nF"; VariantName = "[No Variations]"
Added Component: Designator=C3(_0805)
Add component. Clean all parameters for all variants
Add component (AddParameter): Name = "Value"; Value = "100nF"; VariantName = "[No Variations]"
Added Component: Designator=C4(_0805)
Add component. Clean all parameters for all variants
Add component (AddParameter): Name = "Value"; Value = "100nF"; VariantName = "[No Variations]"
Added Component: Designator=C5(_0805)
Add component. Clean all parameters for all variants
Add component (AddParameter): Name = "Value"; Value = "100nF"; VariantName = "[No Variations]"
Added Component: Designator=C6(_0805)
Add component. Clean all parameters for all variants
Add component (AddParameter): Name = "Value"; Value = "100nF"; VariantName = "[No Variations]"
Added Component: Designator=C7(_0805)
Add component. Clean all parameters for all variants
Add component (AddParameter): Name = "Value"; Value = "100nF"; VariantName = "[No Variations]"
Added Component: Designator=C8(CAPC3413X12N)
Add component. Clean all parameters for all variants
Add component (AddParameter): Name = "Data"; Value = "16-12-2016"; VariantName = "[No Variations]"
Add component (AddParameter): Name = "Desc."; Value = "CAP SMD 0805"; VariantName = "[No Variations]"
Add component (AddParameter): Name = "Designer"; Value = "Abbas Basereh"; VariantName = "[No Variations]"
Added Component: Designator=C9(CAPC3413X12N)
Add component. Clean all parameters for all variants
Add component (AddParameter): Name = "Data"; Value = "16-12-2016"; VariantName = "[No Variations]"
Add component (AddParameter): Name = "Desc."; Value = "CAP SMD 0805"; VariantName = "[No Variations]"
Add component (AddParameter): Name = "Designer"; Value = "Abbas Basereh"; VariantName = "[No Variations]"
Added Component: Designator=C10(CAPC3413X12N)
Add component. Clean all parameters for all variants
Add component (AddParameter): Name = "Data"; Value = "16-12-2016"; VariantName = "[No Variations]"
Add component (AddParameter): Name = "Desc."; Value = "CAP SMD 0805"; VariantName = "[No Variations]"
Add component (AddParameter): Name = "Designer"; Value = "Abbas Basereh"; VariantName = "[No Variations]"
Added Component: Designator=C11(CAPC3413X12N)
Add component. Clean all parameters for all variants
Add component (AddParameter): Name = "Data"; Value = "16-12-2016"; VariantName = "[No Variations]"
Add component (AddParameter): Name = "Desc."; Value = "CAP SMD 0805"; VariantName = "[No Variations]"
Add component (AddParameter): Name = "Designer"; Value = "Abbas Basereh"; VariantName = "[No Variations]"
Added Component: Designator=C12(CAPC3413X12N)
Add component. Clean all parameters for all variants
Add component (AddParameter): Name = "Data"; Value = "16-12-2016"; VariantName = "[No Variations]"
Add component (AddParameter): Name = "Desc."; Value = "CAP SMD 0805"; VariantName = "[No Variations]"
Add component (AddParameter): Name = "Designer"; Value = "Abbas Basereh"; VariantName = "[No Variations]"
Added Component: Designator=C13(_0805)
Add component. Clean all parameters for all variants
Add component (AddParameter): Name = "Value"; Value = "100nF"; VariantName = "[No Variations]"
Added Component: Designator=C14(_0805)
Add component. Clean all parameters for all variants
Add component (AddParameter): Name = "Value"; Value = "100nF"; VariantName = "[No Variations]"
Added Component: Designator=C15(_0805)
Add component. Clean all parameters for all variants
Add component (AddParameter): Name = "Value"; Value = "100nF"; VariantName = "[No Variations]"
Added Component: Designator=C16(_0805)
Add component. Clean all parameters for all variants
Add component (AddParameter): Name = "Value"; Value = "100nF"; VariantName = "[No Variations]"
Added Component: Designator=C17(_0805)
Add component. Clean all parameters for all variants
Add component (AddParameter): Name = "Value"; Value = "100nF"; VariantName = "[No Variations]"
Added Component: Designator=C18(_0805)
Add component. Clean all parameters for all variants
Add component (AddParameter): Name = "Value"; Value = "100nF"; VariantName = "[No Variations]"
Added Component: Designator=C19(_0805)
Add component. Clean all parameters for all variants
Add component (AddParameter): Name = "Value"; Value = "100nF"; VariantName = "[No Variations]"
Added Component: Designator=C20(_0805)
Add component. Clean all parameters for all variants
Add component (AddParameter): Name = "Value"; Value = "100nF"; VariantName = "[No Variations]"
Added Component: Designator=C21(_0805)
Add component. Clean all parameters for all variants
Add component (AddParameter): Name = "Value"; Value = "100nF"; VariantName = "[No Variations]"
Added Component: Designator=C22(_0805)
Add component. Clean all parameters for all variants
Add component (AddParameter): Name = "Value"; Value = "1uF"; VariantName = "[No Variations]"
Added Component: Designator=C23(_0805)
Add component. Clean all parameters for all variants
Add component (AddParameter): Name = "Value"; Value = "100nF"; VariantName = "[No Variations]"
Added Component: Designator=C24(_0805)
Add component. Clean all parameters for all variants
Add component (AddParameter): Name = "Value"; Value = "100nF"; VariantName = "[No Variations]"
Added Component: Designator=C25(_0805)
Add component. Clean all parameters for all variants
Add component (AddParameter): Name = "Value"; Value = "27PF"; VariantName = "[No Variations]"
Added Component: Designator=C26(_0805)
Add component. Clean all parameters for all variants
Add component (AddParameter): Name = "Value"; Value = "27PF"; VariantName = "[No Variations]"
Added Component: Designator=C27(_0805)
Add component. Clean all parameters for all variants
Add component (AddParameter): Name = "Value"; Value = "100nF"; VariantName = "[No Variations]"
Added Component: Designator=C28(_0805)
Add component. Clean all parameters for all variants
Add component (AddParameter): Name = "Value"; Value = "100nF"; VariantName = "[No Variations]"
Added Component: Designator=C29(_0805)
Add component. Clean all parameters for all variants
Add component (AddParameter): Name = "Value"; Value = "100nF"; VariantName = "[No Variations]"
Added Component: Designator=C30(_0805)
Add component. Clean all parameters for all variants
Add component (AddParameter): Name = "Value"; Value = "100nF"; VariantName = "[No Variations]"
Added Component: Designator=C31(_0805)
Add component. Clean all parameters for all variants
Add component (AddParameter): Name = "Value"; Value = "100nF"; VariantName = "[No Variations]"
Added Component: Designator=DP1(430X270D)
Add component. Clean all parameters for all variants
Add component (AddParameter): Name = "Data"; Value = "16-12-2016"; VariantName = "[No Variations]"
Add component (AddParameter): Name = "Designer"; Value = "Abbas Basereh"; VariantName = "[No Variations]"
Add component (AddParameter): Name = "Link"; Value = ""; VariantName = "[No Variations]"
Add component (AddParameter): Name = "Part. No"; Value = ""; VariantName = "[No Variations]"
Added Component: Designator=DP2(430X270D)
Add component. Clean all parameters for all variants
Add component (AddParameter): Name = "Data"; Value = "16-12-2016"; VariantName = "[No Variations]"
Add component (AddParameter): Name = "Designer"; Value = "Abbas Basereh"; VariantName = "[No Variations]"
Add component (AddParameter): Name = "Link"; Value = ""; VariantName = "[No Variations]"
Add component (AddParameter): Name = "Part. No"; Value = ""; VariantName = "[No Variations]"
Added Component: Designator=J1(My_USB)
Add component. Clean all parameters for all variants
Add component (AddParameter): Name = "ComponentLink1Description"; Value = "Manufacturer Link"; VariantName = "[No Variations]"
Add component (AddParameter): Name = "ComponentLink1URL"; Value = "http://www.tycoelectronics.com/"; VariantName = "[No Variations]"
Add component (AddParameter): Name = "ComponentLink2Description"; Value = "Packaging Specification"; VariantName = "[No Variations]"
Add component (AddParameter): Name = "ComponentLink2URL"; Value = "http://ecommas.tycoelectronics.com/commerce/DocumentDelivery/DDEController?Action=showdoc&DocId=Customer+Drawing%7F440247%7FD%7Fpdf%7FEnglish%7FC_440247_D.pdf"; VariantName = "[No Variations]"
Add component (AddParameter): Name = "ContactMaterial"; Value = "Copper Alloy"; VariantName = "[No Variations]"
Add component (AddParameter): Name = "ContactPlating"; Value = "Gold (30)"; VariantName = "[No Variations]"
Add component (AddParameter): Name = "DatasheetDocument"; Value = "27-Jun-2003"; VariantName = "[No Variations]"
Add component (AddParameter): Name = "DrillSize"; Value = "Corresponds to nominal value."; VariantName = "[No Variations]"
Add component (AddParameter): Name = "HousingMaterial"; Value = "Thermoplastic"; VariantName = "[No Variations]"
Add component (AddParameter): Name = "PackageDocument"; Value = "27-Jun-2003"; VariantName = "[No Variations]"
Add component (AddParameter): Name = "PackageReference"; Value = "440247"; VariantName = "[No Variations]"
Add component (AddParameter): Name = "PanelGround"; Value = "Without"; VariantName = "[No Variations]"
Add component (AddParameter): Name = "PCB_Layout"; Value = "Complies with manufacturer's recommendation."; VariantName = "[No Variations]"
Add component (AddParameter): Name = "Published"; Value = "15-Jul-2004"; VariantName = "[No Variations]"
Add component (AddParameter): Name = "Publisher"; Value = "Altium Limited"; VariantName = "[No Variations]"
Added Component: Designator=J2(XH_3PIN)
Add component. Clean all parameters for all variants
Added Component: Designator=J3(XH_3PIN)
Add component. Clean all parameters for all variants
Added Component: Designator=J4(XH_3PIN)
Add component. Clean all parameters for all variants
Added Component: Designator=J5(XH_5PIN)
Add component. Clean all parameters for all variants
Added Component: Designator=LM1(0805L)
Add component. Clean all parameters for all variants
Add component (AddParameter): Name = "Code_IEC"; Value = "1005"; VariantName = "[No Variations]"
Add component (AddParameter): Name = "Code_JEITA"; Value = "0402"; VariantName = "[No Variations]"
Add component (AddParameter): Name = "LatestRevisionDate"; Value = "29-May-2009"; VariantName = "[No Variations]"
Add component (AddParameter): Name = "LatestRevisionNote"; Value = "IPC-7351 Footprint Added."; VariantName = "[No Variations]"
Add component (AddParameter): Name = "PackageDescription"; Value = "Chip Inductor"; VariantName = "[No Variations]"
Add component (AddParameter): Name = "PackageReference"; Value = "0402-A"; VariantName = "[No Variations]"
Add component (AddParameter): Name = "Published"; Value = "8-Jun-2000"; VariantName = "[No Variations]"
Add component (AddParameter): Name = "Publisher"; Value = "Altium Limited"; VariantName = "[No Variations]"
Add component (AddParameter): Name = "Value"; Value = "FB805"; VariantName = "[No Variations]"
Added Component: Designator=LM2(0805L)
Add component. Clean all parameters for all variants
Add component (AddParameter): Name = "Code_IEC"; Value = "1005"; VariantName = "[No Variations]"
Add component (AddParameter): Name = "Code_JEITA"; Value = "0402"; VariantName = "[No Variations]"
Add component (AddParameter): Name = "LatestRevisionDate"; Value = "29-May-2009"; VariantName = "[No Variations]"
Add component (AddParameter): Name = "LatestRevisionNote"; Value = "IPC-7351 Footprint Added."; VariantName = "[No Variations]"
Add component (AddParameter): Name = "PackageDescription"; Value = "Chip Inductor"; VariantName = "[No Variations]"
Add component (AddParameter): Name = "PackageReference"; Value = "0402-A"; VariantName = "[No Variations]"
Add component (AddParameter): Name = "Published"; Value = "8-Jun-2000"; VariantName = "[No Variations]"
Add component (AddParameter): Name = "Publisher"; Value = "Altium Limited"; VariantName = "[No Variations]"
Add component (AddParameter): Name = "Value"; Value = "FB805"; VariantName = "[No Variations]"
Added Component: Designator=P1(HDR2X11)
Add component. Clean all parameters for all variants
Add component (AddParameter): Name = "LatestRevisionDate"; Value = "17-Jul-2002"; VariantName = "[No Variations]"
Add component (AddParameter): Name = "LatestRevisionNote"; Value = "Re-released for DXP Platform."; VariantName = "[No Variations]"
Add component (AddParameter): Name = "Publisher"; Value = "Altium Limited"; VariantName = "[No Variations]"
Added Component: Designator=R1(_0603)
Add component. Clean all parameters for all variants
Add component (AddParameter): Name = "Value"; Value = "100K"; VariantName = "[No Variations]"
Added Component: Designator=R2(_0603)
Add component. Clean all parameters for all variants
Add component (AddParameter): Name = "Value"; Value = "1.5K"; VariantName = "[No Variations]"
Added Component: Designator=R3(_0603)
Add component. Clean all parameters for all variants
Add component (AddParameter): Name = "Value"; Value = "1.5K"; VariantName = "[No Variations]"
Added Component: Designator=R4(RES0603)
Add component. Clean all parameters for all variants
Add component (AddParameter): Name = "Data"; Value = "2017-3-10"; VariantName = "[No Variations]"
Add component (AddParameter): Name = "Desc."; Value = "RES SMD PAKAGES"; VariantName = "[No Variations]"
Add component (AddParameter): Name = "Designer"; Value = "Abbas Basereh"; VariantName = "[No Variations]"
Add component (AddParameter): Name = "VALUE"; Value = "10k"; VariantName = "[No Variations]"
Added Component: Designator=R5(RES0603)
Add component. Clean all parameters for all variants
Add component (AddParameter): Name = "Data"; Value = "2017-3-10"; VariantName = "[No Variations]"
Add component (AddParameter): Name = "Desc."; Value = "RES SMD PAKAGES"; VariantName = "[No Variations]"
Add component (AddParameter): Name = "Designer"; Value = "Abbas Basereh"; VariantName = "[No Variations]"
Add component (AddParameter): Name = "VALUE"; Value = "10k"; VariantName = "[No Variations]"
Added Component: Designator=R6(RES0603)
Add component. Clean all parameters for all variants
Add component (AddParameter): Name = "Data"; Value = "2017-3-10"; VariantName = "[No Variations]"
Add component (AddParameter): Name = "Desc."; Value = "RES SMD PAKAGES"; VariantName = "[No Variations]"
Add component (AddParameter): Name = "Designer"; Value = "Abbas Basereh"; VariantName = "[No Variations]"
Add component (AddParameter): Name = "VALUE"; Value = "10k"; VariantName = "[No Variations]"
Added Component: Designator=R7(RES0603)
Add component. Clean all parameters for all variants
Add component (AddParameter): Name = "Data"; Value = "2017-3-10"; VariantName = "[No Variations]"
Add component (AddParameter): Name = "Desc."; Value = "RES SMD PAKAGES"; VariantName = "[No Variations]"
Add component (AddParameter): Name = "Designer"; Value = "Abbas Basereh"; VariantName = "[No Variations]"
Add component (AddParameter): Name = "VALUE"; Value = "4.7k"; VariantName = "[No Variations]"
Added Component: Designator=R8(RES0603)
Add component. Clean all parameters for all variants
Add component (AddParameter): Name = "Data"; Value = "2017-3-10"; VariantName = "[No Variations]"
Add component (AddParameter): Name = "Desc."; Value = "RES SMD PAKAGES"; VariantName = "[No Variations]"
Add component (AddParameter): Name = "Designer"; Value = "Abbas Basereh"; VariantName = "[No Variations]"
Add component (AddParameter): Name = "VALUE"; Value = "4.7k"; VariantName = "[No Variations]"
Added Component: Designator=R9(RES0603)
Add component. Clean all parameters for all variants
Add component (AddParameter): Name = "Data"; Value = "2017-3-10"; VariantName = "[No Variations]"
Add component (AddParameter): Name = "Desc."; Value = "RES SMD PAKAGES"; VariantName = "[No Variations]"
Add component (AddParameter): Name = "Designer"; Value = "Abbas Basereh"; VariantName = "[No Variations]"
Add component (AddParameter): Name = "VALUE"; Value = "4.7k"; VariantName = "[No Variations]"
Added Component: Designator=R10(RES0603)
Add component. Clean all parameters for all variants
Add component (AddParameter): Name = "Data"; Value = "2017-3-10"; VariantName = "[No Variations]"
Add component (AddParameter): Name = "Desc."; Value = "RES SMD PAKAGES"; VariantName = "[No Variations]"
Add component (AddParameter): Name = "Designer"; Value = "Abbas Basereh"; VariantName = "[No Variations]"
Add component (AddParameter): Name = "VALUE"; Value = "4.7k"; VariantName = "[No Variations]"
Added Component: Designator=R11(_0603)
Add component. Clean all parameters for all variants
Add component (AddParameter): Name = "Value"; Value = "47R"; VariantName = "[No Variations]"
Added Component: Designator=R12(_0603)
Add component. Clean all parameters for all variants
Add component (AddParameter): Name = "Value"; Value = "100K"; VariantName = "[No Variations]"
Added Component: Designator=R13(_0603)
Add component. Clean all parameters for all variants
Add component (AddParameter): Name = "Value"; Value = "220R"; VariantName = "[No Variations]"
Added Component: Designator=R14(_0603)
Add component. Clean all parameters for all variants
Add component (AddParameter): Name = "Value"; Value = "1K"; VariantName = "[No Variations]"
Added Component: Designator=S1(_TACTILE_SWITCH_PTH_6.0MM)
Add component. Clean all parameters for all variants
Add component (AddParameter): Name = "PROD_ID"; Value = "SWCH-13065"; VariantName = "[No Variations]"
Added Component: Designator=U1(MT9V034)
Add component. Clean all parameters for all variants
Added Component: Designator=U2(XTAL_SMD)
Add component. Clean all parameters for all variants
Added Component: Designator=U3(_QFN-24-EP)
Add component. Clean all parameters for all variants
Add component (AddParameter): Name = "PROD_ID"; Value = "IC-13192"; VariantName = "[No Variations]"
Added Component: Designator=U4(*XDCR_BMP280)
Add component. Clean all parameters for all variants
Add component (AddParameter): Name = "Availability"; Value = "Unavailable"; VariantName = "[No Variations]"
Add component (AddParameter): Name = "MF"; Value = "Bosch"; VariantName = "[No Variations]"
Add component (AddParameter): Name = "MP"; Value = "BMP280"; VariantName = "[No Variations]"
Add component (AddParameter): Name = "Package"; Value = "SMD-8 Bosch Tools"; VariantName = "[No Variations]"
Add component (AddParameter): Name = "Price"; Value = "None"; VariantName = "[No Variations]"
Add component (AddParameter): Name = "SnapEDA_Link"; Value = "https://www.snapeda.com/parts/BMP280/Bosch%20Sensortec/view-part/?ref=snap"; VariantName = "[No Variations]"
Add component (AddParameter): Name = "Value"; Value = ""; VariantName = "[No Variations]"
Added Component: Designator=U6(SO-8N)
Add component. Clean all parameters for all variants
Added Component: Designator=U7(EZ_FX3)
Add component. Clean all parameters for all variants
Added Component: Designator=UP1(SOT223_4)
Add component. Clean all parameters for all variants
Add component (AddParameter): Name = "Data"; Value = "16-12-2016"; VariantName = "[No Variations]"
Add component (AddParameter): Name = "Designer"; Value = "Abbas Basereh"; VariantName = "[No Variations]"
Add component (AddParameter): Name = "VALUE"; Value = "LM1117IMP-x.x"; VariantName = "[No Variations]"
Added Component: Designator=X1(_CRYSTAL-HC49UP)
Add component. Clean all parameters for all variants
Add component (AddParameter): Name = "Value"; Value = "8MHZ"; VariantName = "[No Variations]"
Added Pin To Net: NetName=+3.3 Pin=C8-1
Added Pin To Net: NetName=+3.3 Pin=C10-1
Added Pin To Net: NetName=+3.3 Pin=C11-1
Added Pin To Net: NetName=+3.3 Pin=C12-1
Added Pin To Net: NetName=+3.3 Pin=R4-2
Added Pin To Net: NetName=+3.3 Pin=R5-2
Added Pin To Net: NetName=+3.3 Pin=R6-2
Added Pin To Net: NetName=+3.3 Pin=R7-1
Added Pin To Net: NetName=+3.3 Pin=R8-1
Added Pin To Net: NetName=+3.3 Pin=R9-1
Added Pin To Net: NetName=+3.3 Pin=R10-1
Added Pin To Net: NetName=+3.3 Pin=U3-1
Added Pin To Net: NetName=+3.3 Pin=U3-8
Added Pin To Net: NetName=+3.3 Pin=U3-13
Added Pin To Net: NetName=+3.3 Pin=U4-6
Added Pin To Net: NetName=+3.3 Pin=U4-8
Added Net: Name=+3.3
Added Pin To Net: NetName=+5 Pin=C30-1
Added Pin To Net: NetName=+5 Pin=DP2-2
Added Pin To Net: NetName=+5 Pin=UP1-3
Added Net: Name=+5
Added Pin To Net: NetName=5V Pin=C27-2
Added Pin To Net: NetName=5V Pin=U6-3
Added Net: Name=5V
Added Pin To Net: NetName=AUX_CS Pin=J5-5
Added Net: Name=AUX_CS
Added Pin To Net: NetName=AUX_MISO Pin=J5-3
Added Net: Name=AUX_MISO
Added Pin To Net: NetName=AUX_MOSI Pin=J5-2
Added Net: Name=AUX_MOSI
Added Pin To Net: NetName=AUX_RXD Pin=J4-2
Added Net: Name=AUX_RXD
Added Pin To Net: NetName=AUX_SCK Pin=J5-4
Added Net: Name=AUX_SCK
Added Pin To Net: NetName=AUX_TXD Pin=J4-3
Added Net: Name=AUX_TXD
Added Pin To Net: NetName=BAR_CS Pin=R7-2
Added Pin To Net: NetName=BAR_CS Pin=U4-2
Added Net: Name=BAR_CS
Added Pin To Net: NetName=BAR_SCK Pin=R10-2
Added Pin To Net: NetName=BAR_SCK Pin=U4-4
Added Net: Name=BAR_SCK
Added Pin To Net: NetName=BAR_SDI Pin=R8-2
Added Pin To Net: NetName=BAR_SDI Pin=U4-3
Added Net: Name=BAR_SDI
Added Pin To Net: NetName=BAR_SDO Pin=R9-2
Added Pin To Net: NetName=BAR_SDO Pin=U4-5
Added Net: Name=BAR_SDO
Added Pin To Net: NetName=CAM_SCL Pin=R3-1
Added Pin To Net: NetName=CAM_SCL Pin=U1-25
Added Net: Name=CAM_SCL
Added Pin To Net: NetName=CAM_SDA Pin=R2-1
Added Pin To Net: NetName=CAM_SDA Pin=U1-24
Added Net: Name=CAM_SDA
Added Pin To Net: NetName=CAMERA_RESET Pin=C1-1
Added Pin To Net: NetName=CAMERA_RESET Pin=R1-1
Added Pin To Net: NetName=CAMERA_RESET Pin=U1-32
Added Net: Name=CAMERA_RESET
Added Pin To Net: NetName=CAN_RX Pin=U6-4
Added Net: Name=CAN_RX
Added Pin To Net: NetName=CAN_TX Pin=U6-1
Added Net: Name=CAN_TX
Added Pin To Net: NetName=CD0 Pin=P1-16
Added Pin To Net: NetName=CD0 Pin=U1-45
Added Pin To Net: NetName=CD0 Pin=U7-19
Added Net: Name=CD0
Added Pin To Net: NetName=CD1 Pin=P1-14
Added Pin To Net: NetName=CD1 Pin=U1-44
Added Pin To Net: NetName=CD1 Pin=U7-18
Added Net: Name=CD1
Added Pin To Net: NetName=CD2 Pin=P1-12
Added Pin To Net: NetName=CD2 Pin=U1-43
Added Pin To Net: NetName=CD2 Pin=U7-17
Added Net: Name=CD2
Added Pin To Net: NetName=CD3 Pin=P1-10
Added Pin To Net: NetName=CD3 Pin=U1-42
Added Pin To Net: NetName=CD3 Pin=U7-16
Added Net: Name=CD3
Added Pin To Net: NetName=CD4 Pin=P1-8
Added Pin To Net: NetName=CD4 Pin=U1-41
Added Pin To Net: NetName=CD4 Pin=U7-15
Added Net: Name=CD4
Added Pin To Net: NetName=CD5 Pin=P1-6
Added Pin To Net: NetName=CD5 Pin=U1-15
Added Pin To Net: NetName=CD5 Pin=U7-14
Added Net: Name=CD5
Added Pin To Net: NetName=CD6 Pin=P1-4
Added Pin To Net: NetName=CD6 Pin=U1-16
Added Pin To Net: NetName=CD6 Pin=U7-13
Added Net: Name=CD6
Added Pin To Net: NetName=CD7 Pin=P1-2
Added Pin To Net: NetName=CD7 Pin=U1-17
Added Pin To Net: NetName=CD7 Pin=U7-12
Added Net: Name=CD7
Added Pin To Net: NetName=CD8 Pin=P1-1
Added Pin To Net: NetName=CD8 Pin=U1-18
Added Pin To Net: NetName=CD8 Pin=U7-11
Added Net: Name=CD8
Added Pin To Net: NetName=CD9 Pin=P1-3
Added Pin To Net: NetName=CD9 Pin=U1-19
Added Pin To Net: NetName=CD9 Pin=U7-10
Added Net: Name=CD9
Added Pin To Net: NetName=CEXPOS Pin=U1-23
Added Net: Name=CEXPOS
Added Pin To Net: NetName=CFV Pin=P1-7
Added Pin To Net: NetName=CFV Pin=U1-21
Added Pin To Net: NetName=CFV Pin=U7-24
Added Net: Name=CFV
Added Pin To Net: NetName=CLED Pin=U1-27
Added Net: Name=CLED
Added Pin To Net: NetName=CLV Pin=P1-5
Added Pin To Net: NetName=CLV Pin=U1-20
Added Pin To Net: NetName=CLV Pin=U7-25
Added Net: Name=CLV
Added Pin To Net: NetName=CPCLK Pin=P1-9
Added Pin To Net: NetName=CPCLK Pin=U1-46
Added Pin To Net: NetName=CPCLK Pin=U7-38
Added Net: Name=CPCLK
Added Pin To Net: NetName=FPGA_RXD Pin=P1-13
Added Net: Name=FPGA_RXD
Added Pin To Net: NetName=FPGA_TXD Pin=P1-11
Added Net: Name=FPGA_TXD
Added Pin To Net: NetName=GND Pin=C1-2
Added Pin To Net: NetName=GND Pin=C2-1
Added Pin To Net: NetName=GND Pin=C3-1
Added Pin To Net: NetName=GND Pin=C4-1
Added Pin To Net: NetName=GND Pin=C5-1
Added Pin To Net: NetName=GND Pin=C6-1
Added Pin To Net: NetName=GND Pin=C7-1
Added Pin To Net: NetName=GND Pin=C8-2
Added Pin To Net: NetName=GND Pin=C9-2
Added Pin To Net: NetName=GND Pin=C10-2
Added Pin To Net: NetName=GND Pin=C11-2
Added Pin To Net: NetName=GND Pin=C12-2
Added Pin To Net: NetName=GND Pin=C13-2
Added Pin To Net: NetName=GND Pin=C14-2
Added Pin To Net: NetName=GND Pin=C15-1
Added Pin To Net: NetName=GND Pin=C16-1
Added Pin To Net: NetName=GND Pin=C17-1
Added Pin To Net: NetName=GND Pin=C18-1
Added Pin To Net: NetName=GND Pin=C19-1
Added Pin To Net: NetName=GND Pin=C20-1
Added Pin To Net: NetName=GND Pin=C21-1
Added Pin To Net: NetName=GND Pin=C22-1
Added Pin To Net: NetName=GND Pin=C23-1
Added Pin To Net: NetName=GND Pin=C24-2
Added Pin To Net: NetName=GND Pin=C25-2
Added Pin To Net: NetName=GND Pin=C26-2
Added Pin To Net: NetName=GND Pin=C27-1
Added Pin To Net: NetName=GND Pin=C28-1
Added Pin To Net: NetName=GND Pin=C29-1
Added Pin To Net: NetName=GND Pin=C30-2
Added Pin To Net: NetName=GND Pin=C31-2
Added Pin To Net: NetName=GND Pin=J1-4
Added Pin To Net: NetName=GND Pin=J1-5
Added Pin To Net: NetName=GND Pin=J1-5
Added Pin To Net: NetName=GND Pin=J1-5
Added Pin To Net: NetName=GND Pin=J1-5
Added Pin To Net: NetName=GND Pin=J1-5
Added Pin To Net: NetName=GND Pin=J2-1
Added Pin To Net: NetName=GND Pin=J3-1
Added Pin To Net: NetName=GND Pin=J4-1
Added Pin To Net: NetName=GND Pin=J5-1
Added Pin To Net: NetName=GND Pin=P1-18
Added Pin To Net: NetName=GND Pin=P1-20
Added Pin To Net: NetName=GND Pin=P1-22
Added Pin To Net: NetName=GND Pin=S1-3
Added Pin To Net: NetName=GND Pin=S1-4
Added Pin To Net: NetName=GND Pin=U1-7
Added Pin To Net: NetName=GND Pin=U1-9
Added Pin To Net: NetName=GND Pin=U1-11
Added Pin To Net: NetName=GND Pin=U1-12
Added Pin To Net: NetName=GND Pin=U1-13
Added Pin To Net: NetName=GND Pin=U1-29
Added Pin To Net: NetName=GND Pin=U1-30
Added Pin To Net: NetName=GND Pin=U1-31
Added Pin To Net: NetName=GND Pin=U1-33
Added Pin To Net: NetName=GND Pin=U1-34
Added Pin To Net: NetName=GND Pin=U1-38
Added Pin To Net: NetName=GND Pin=U1-48
Added Pin To Net: NetName=GND Pin=U2-2
Added Pin To Net: NetName=GND Pin=U3-18
Added Pin To Net: NetName=GND Pin=U3-20
Added Pin To Net: NetName=GND Pin=U4-1
Added Pin To Net: NetName=GND Pin=U4-7
Added Pin To Net: NetName=GND Pin=U6-2
Added Pin To Net: NetName=GND Pin=U6-8
Added Pin To Net: NetName=GND Pin=U7-GND
Added Pin To Net: NetName=GND Pin=U7-GND
Added Pin To Net: NetName=GND Pin=U7-GND
Added Pin To Net: NetName=GND Pin=U7-GND
Added Pin To Net: NetName=GND Pin=U7-GND
Added Pin To Net: NetName=GND Pin=U7-GND
Added Pin To Net: NetName=GND Pin=U7-GND
Added Pin To Net: NetName=GND Pin=U7-GND
Added Pin To Net: NetName=GND Pin=U7-GND
Added Pin To Net: NetName=GND Pin=U7-GND
Added Pin To Net: NetName=GND Pin=U7-GND
Added Pin To Net: NetName=GND Pin=UP1-1
Added Net: Name=GND
Added Pin To Net: NetName=IMU_CS Pin=R6-1
Added Pin To Net: NetName=IMU_CS Pin=U3-22
Added Net: Name=IMU_CS
Added Pin To Net: NetName=IMU_FSYNC Pin=U3-11
Added Net: Name=IMU_FSYNC
Added Pin To Net: NetName=IMU_INT Pin=U3-12
Added Net: Name=IMU_INT
Added Pin To Net: NetName=IMU_SCK Pin=R5-1
Added Pin To Net: NetName=IMU_SCK Pin=U3-23
Added Net: Name=IMU_SCK
Added Pin To Net: NetName=IMU_SDI Pin=R4-1
Added Pin To Net: NetName=IMU_SDI Pin=U3-24
Added Net: Name=IMU_SDI
Added Pin To Net: NetName=IMU_SDO Pin=U3-9
Added Net: Name=IMU_SDO
Added Pin To Net: NetName=MAIN_CLOCK Pin=U1-47
Added Pin To Net: NetName=MAIN_CLOCK Pin=U2-3
Added Net: Name=MAIN_CLOCK
Added Pin To Net: NetName=NetC9_1 Pin=C9-1
Added Pin To Net: NetName=NetC9_1 Pin=U3-10
Added Net: Name=NetC9_1
Added Pin To Net: NetName=NetC18_2 Pin=C18-2
Added Pin To Net: NetName=NetC18_2 Pin=C19-2
Added Pin To Net: NetName=NetC18_2 Pin=LM2-2
Added Pin To Net: NetName=NetC18_2 Pin=R11-2
Added Net: Name=NetC18_2
Added Pin To Net: NetName=NetC26_1 Pin=C26-1
Added Pin To Net: NetName=NetC26_1 Pin=R13-1
Added Pin To Net: NetName=NetC26_1 Pin=X1-1
Added Net: Name=NetC26_1
Added Pin To Net: NetName=NetC28_2 Pin=C28-2
Added Net: Name=NetC28_2
Added Pin To Net: NetName=NetC29_2 Pin=C29-2
Added Net: Name=NetC29_2
Added Pin To Net: NetName=NetDP1_1 Pin=DP1-1
Added Pin To Net: NetName=NetDP1_1 Pin=P1-17
Added Pin To Net: NetName=NetDP1_1 Pin=P1-19
Added Pin To Net: NetName=NetDP1_1 Pin=P1-21
Added Net: Name=NetDP1_1
Added Pin To Net: NetName=NetDP2_1 Pin=DP2-1
Added Pin To Net: NetName=NetDP2_1 Pin=U7-V_BUS
Added Pin To Net: NetName=NetDP2_1 Pin=U7-V_BUS
Added Net: Name=NetDP2_1
Added Pin To Net: NetName=NetJ3_2 Pin=J3-2
Added Pin To Net: NetName=NetJ3_2 Pin=U6-6
Added Net: Name=NetJ3_2
Added Pin To Net: NetName=NetJ3_3 Pin=J3-3
Added Pin To Net: NetName=NetJ3_3 Pin=U6-7
Added Net: Name=NetJ3_3
Added Pin To Net: NetName=NRST Pin=C24-1
Added Pin To Net: NetName=NRST Pin=R12-2
Added Pin To Net: NetName=NRST Pin=S1-1
Added Pin To Net: NetName=NRST Pin=S1-2
Added Net: Name=NRST
Added Pin To Net: NetName=OSC_IN Pin=C25-1
Added Pin To Net: NetName=OSC_IN Pin=X1-2
Added Net: Name=OSC_IN
Added Pin To Net: NetName=OSC_OUT Pin=R13-2
Added Net: Name=OSC_OUT
Added Pin To Net: NetName=SWCK Pin=J2-3
Added Net: Name=SWCK
Added Net: Name=SWCLK
Added Pin To Net: NetName=SWIO Pin=J2-2
Added Net: Name=SWIO
Added Pin To Net: NetName=USB_N Pin=J1-2
Added Net: Name=USB_N
Added Pin To Net: NetName=USB_P Pin=J1-3
Added Pin To Net: NetName=USB_P Pin=R14-1
Added Net: Name=USB_P
Added Pin To Net: NetName=USB_RXD Pin=U7-70
Added Net: Name=USB_RXD
Added Pin To Net: NetName=USB_SCL Pin=U7-20
Added Net: Name=USB_SCL
Added Pin To Net: NetName=USB_SDA Pin=U7-40
Added Net: Name=USB_SDA
Added Pin To Net: NetName=USB_TXD Pin=U7-71
Added Net: Name=USB_TXD
Added Pin To Net: NetName=VBAT Pin=C15-2
Added Pin To Net: NetName=VBAT Pin=C16-2
Added Pin To Net: NetName=VBAT Pin=C17-2
Added Pin To Net: NetName=VBAT Pin=C20-2
Added Pin To Net: NetName=VBAT Pin=C21-2
Added Pin To Net: NetName=VBAT Pin=C22-2
Added Pin To Net: NetName=VBAT Pin=C23-2
Added Pin To Net: NetName=VBAT Pin=DP1-2
Added Pin To Net: NetName=VBAT Pin=LM2-1
Added Pin To Net: NetName=VBAT Pin=R1-2
Added Pin To Net: NetName=VBAT Pin=R2-2
Added Pin To Net: NetName=VBAT Pin=R3-2
Added Pin To Net: NetName=VBAT Pin=R12-1
Added Pin To Net: NetName=VBAT Pin=U1-1
Added Pin To Net: NetName=VBAT Pin=U1-6
Added Pin To Net: NetName=VBAT Pin=U1-8
Added Pin To Net: NetName=VBAT Pin=U1-10
Added Pin To Net: NetName=VBAT Pin=U1-14
Added Pin To Net: NetName=VBAT Pin=U1-28
Added Net: Name=VBAT
Added Pin To Net: NetName=VCCA Pin=C6-2
Added Pin To Net: NetName=VCCA Pin=C7-2
Added Pin To Net: NetName=VCCA Pin=LM1-2
Added Pin To Net: NetName=VCCA Pin=U1-35
Added Pin To Net: NetName=VCCA Pin=U1-39
Added Pin To Net: NetName=VCCA Pin=U1-40
Added Net: Name=VCCA
Added Pin To Net: NetName=VCC Pin=C2-2
Added Pin To Net: NetName=VCC Pin=C3-2
Added Pin To Net: NetName=VCC Pin=C4-2
Added Pin To Net: NetName=VCC Pin=C5-2
Added Pin To Net: NetName=VCC Pin=C31-1
Added Pin To Net: NetName=VCC Pin=LM1-1
Added Pin To Net: NetName=VCC Pin=R14-2
Added Pin To Net: NetName=VCC Pin=U2-1
Added Pin To Net: NetName=VCC Pin=U2-4
Added Pin To Net: NetName=VCC Pin=UP1-2
Added Pin To Net: NetName=VCC Pin=UP1-4
Added Net: Name=VCC
Added Net: Name=VDDA
Added Pin To Net: NetName=VREF+ Pin=C13-1
Added Pin To Net: NetName=VREF+ Pin=C14-1
Added Pin To Net: NetName=VREF+ Pin=R11-1
Added Net: Name=VREF+
Added Class: Name=Camera_Schematics
Added Class: Name=IMU_Schematics
Added Class: Name=STM32F4_Schematics
Added Class: Name=USB3_Controller_Schematics
Added Differential Pair: Name=USB
Added Room: Name=Camera_Schematics
Added Room: Name=IMU_Schematics
Added Room: Name=STM32F4_Schematics
Added Room: Name=USB3_Controller_Schematics
