23:56:00 **** Incremental Build of configuration Release for project UVC_AN75779 ****
cs-make all 
cs-make: Nothing to be done for `all'.
01:07:52 **** Incremental Build of configuration Release for project UVC_AN75779 ****
cs-make all 
'Building file: ../cyfxuvcdscr.c'
'Invoking: Cross ARM C Compiler'
arm-none-eabi-gcc -mcpu=arm926ej-s -marm -mthumb-interwork -O3 -fmessage-length=0 -fsigned-char -ffunction-sections -fdata-sections -Wall  -g -D__CYU3P_TX__=1 -I"C:\Program Files (x86)\Cypress\EZ-USB FX3 SDK\1.3\/fw_lib/1_3_3/inc" -std=gnu11 -MMD -MP -MF"cyfxuvcdscr.d" -MT"cyfxuvcdscr.o" -c -o "cyfxuvcdscr.o" "../cyfxuvcdscr.c"
'Finished building: ../cyfxuvcdscr.c'
' '
'Building target: UVC_AN75779.elf'
'Invoking: Cross ARM C Linker'
arm-none-eabi-gcc -mcpu=arm926ej-s -marm -mthumb-interwork -O3 -fmessage-length=0 -fsigned-char -ffunction-sections -fdata-sections -Wall  -g -T "C:\Program Files (x86)\Cypress\EZ-USB FX3 SDK\1.3\/fw_build/fx3_fw/fx3.ld" -nostartfiles -Xlinker --gc-sections -L"C:\Program Files (x86)\Cypress\EZ-USB FX3 SDK\1.3\/fw_lib/1_3_3/fx3_release" -L"C:\Program Files (x86)\Cypress\EZ-USB FX3 SDK\1.3\ARM GCC\/lib/gcc/arm-none-eabi/4.8.1" -L"C:\Program Files (x86)\Cypress\EZ-USB FX3 SDK\1.3\ARM GCC\/arm-none-eabi/lib" -Wl,-Map,"UVC_AN75779.map" -Wl,-d  -Wl,--no-wchar-size-warning -Wl,--entry,CyU3PFirmwareEntry -o "UVC_AN75779.elf"  ./.metadata/.plugins/org.eclipse.cdt.make.core/specs.o  ./camera_ptzcontrol.o ./cyfx_gcc_startup.o ./cyfxtx.o ./cyfxuvcdscr.o ./sensor.o ./uvc.o   -lcyu3lpp -lcyfxapi -lcyu3threadx -lc -lgcc
'Finished building target: UVC_AN75779.elf'
' '
cs-make --no-print-directory post-build
'Generate boot-loadable binary image'
'C:\Program Files (x86)\Cypress\EZ-USB FX3 SDK\1.3\/util/elf2img/elf2img.exe' -i UVC_AN75779.elf -o UVC_AN75779.img -v
Note: 256 bytes of interrupt vector code have been removed from the image.
      Use the "-vectorload yes" option to retain this code.

Endian-ness    : Little
Entry point    : 0x40007880
Program header table offset: 0x00000034
Program header count       : 3
Program header entry size  : 0x0020
Copying data from program header:
	Addr=0x00000100 Size(words)=0x0000088a FileSize=0x0000088a Offset=0x00000100 Flags=0x00000005
Copying data from program header:
	Addr=0x40003000 Size(words)=0x00004000 FileSize=0x00004000 Offset=0x00003000 Flags=0x00000005
Copying data from program header:
	Addr=0x40013000 Size(words)=0x00001ca9 FileSize=0x00001ca9 Offset=0x00013000 Flags=0x00000005
Copying data from program header:
	Addr=0x40030000 Size(words)=0x000007bd FileSize=0x00000183 Offset=0x00020000 Flags=0x00000006
' '
01:11:39 **** Incremental Build of configuration Release for project UVC_AN75779 ****
cs-make all 
'Building file: ../cyfxuvcdscr.c'
'Invoking: Cross ARM C Compiler'
arm-none-eabi-gcc -mcpu=arm926ej-s -marm -mthumb-interwork -O3 -fmessage-length=0 -fsigned-char -ffunction-sections -fdata-sections -Wall  -g -D__CYU3P_TX__=1 -I"C:\Program Files (x86)\Cypress\EZ-USB FX3 SDK\1.3\/fw_lib/1_3_3/inc" -std=gnu11 -MMD -MP -MF"cyfxuvcdscr.d" -MT"cyfxuvcdscr.o" -c -o "cyfxuvcdscr.o" "../cyfxuvcdscr.c"
'Finished building: ../cyfxuvcdscr.c'
' '
'Building target: UVC_AN75779.elf'
'Invoking: Cross ARM C Linker'
arm-none-eabi-gcc -mcpu=arm926ej-s -marm -mthumb-interwork -O3 -fmessage-length=0 -fsigned-char -ffunction-sections -fdata-sections -Wall  -g -T "C:\Program Files (x86)\Cypress\EZ-USB FX3 SDK\1.3\/fw_build/fx3_fw/fx3.ld" -nostartfiles -Xlinker --gc-sections -L"C:\Program Files (x86)\Cypress\EZ-USB FX3 SDK\1.3\/fw_lib/1_3_3/fx3_release" -L"C:\Program Files (x86)\Cypress\EZ-USB FX3 SDK\1.3\ARM GCC\/lib/gcc/arm-none-eabi/4.8.1" -L"C:\Program Files (x86)\Cypress\EZ-USB FX3 SDK\1.3\ARM GCC\/arm-none-eabi/lib" -Wl,-Map,"UVC_AN75779.map" -Wl,-d  -Wl,--no-wchar-size-warning -Wl,--entry,CyU3PFirmwareEntry -o "UVC_AN75779.elf"  ./.metadata/.plugins/org.eclipse.cdt.make.core/specs.o  ./camera_ptzcontrol.o ./cyfx_gcc_startup.o ./cyfxtx.o ./cyfxuvcdscr.o ./sensor.o ./uvc.o   -lcyu3lpp -lcyfxapi -lcyu3threadx -lc -lgcc
'Finished building target: UVC_AN75779.elf'
' '
cs-make --no-print-directory post-build
'Generate boot-loadable binary image'
'C:\Program Files (x86)\Cypress\EZ-USB FX3 SDK\1.3\/util/elf2img/elf2img.exe' -i UVC_AN75779.elf -o UVC_AN75779.img -v
Note: 256 bytes of interrupt vector code have been removed from the image.
      Use the "-vectorload yes" option to retain this code.
Endian-ness    : Little

Entry point    : 0x40007880
Program header table offset: 0x00000034
Program header count       : 3
Program header entry size  : 0x0020
Copying data from program header:
	Addr=0x00000100 Size(words)=0x0000088a FileSize=0x0000088a Offset=0x00000100 Flags=0x00000005
Copying data from program header:
	Addr=0x40003000 Size(words)=0x00004000 FileSize=0x00004000 Offset=0x00003000 Flags=0x00000005
Copying data from program header:
	Addr=0x40013000 Size(words)=0x00001ca9 FileSize=0x00001ca9 Offset=0x00013000 Flags=0x00000005
Copying data from program header:
	Addr=0x40030000 Size(words)=0x000007bd FileSize=0x00000183 Offset=0x00020000 Flags=0x00000006
' '
01:12:20 **** Incremental Build of configuration Release for project UVC_AN75779 ****
cs-make all 
'Building file: ../cyfxuvcdscr.c'
'Invoking: Cross ARM C Compiler'
arm-none-eabi-gcc -mcpu=arm926ej-s -marm -mthumb-interwork -O3 -fmessage-length=0 -fsigned-char -ffunction-sections -fdata-sections -Wall  -g -D__CYU3P_TX__=1 -I"C:\Program Files (x86)\Cypress\EZ-USB FX3 SDK\1.3\/fw_lib/1_3_3/inc" -std=gnu11 -MMD -MP -MF"cyfxuvcdscr.d" -MT"cyfxuvcdscr.o" -c -o "cyfxuvcdscr.o" "../cyfxuvcdscr.c"
'Finished building: ../cyfxuvcdscr.c'
' '
'Building target: UVC_AN75779.elf'
'Invoking: Cross ARM C Linker'
arm-none-eabi-gcc -mcpu=arm926ej-s -marm -mthumb-interwork -O3 -fmessage-length=0 -fsigned-char -ffunction-sections -fdata-sections -Wall  -g -T "C:\Program Files (x86)\Cypress\EZ-USB FX3 SDK\1.3\/fw_build/fx3_fw/fx3.ld" -nostartfiles -Xlinker --gc-sections -L"C:\Program Files (x86)\Cypress\EZ-USB FX3 SDK\1.3\/fw_lib/1_3_3/fx3_release" -L"C:\Program Files (x86)\Cypress\EZ-USB FX3 SDK\1.3\ARM GCC\/lib/gcc/arm-none-eabi/4.8.1" -L"C:\Program Files (x86)\Cypress\EZ-USB FX3 SDK\1.3\ARM GCC\/arm-none-eabi/lib" -Wl,-Map,"UVC_AN75779.map" -Wl,-d  -Wl,--no-wchar-size-warning -Wl,--entry,CyU3PFirmwareEntry -o "UVC_AN75779.elf"  ./.metadata/.plugins/org.eclipse.cdt.make.core/specs.o  ./camera_ptzcontrol.o ./cyfx_gcc_startup.o ./cyfxtx.o ./cyfxuvcdscr.o ./sensor.o ./uvc.o   -lcyu3lpp -lcyfxapi -lcyu3threadx -lc -lgcc
'Finished building target: UVC_AN75779.elf'
' '
cs-make --no-print-directory post-build
'Generate boot-loadable binary image'
'C:\Program Files (x86)\Cypress\EZ-USB FX3 SDK\1.3\/util/elf2img/elf2img.exe' -i UVC_AN75779.elf -o UVC_AN75779.img -v
Note: 256 bytes of interrupt vector code have been removed from the image.
      Use the "-vectorload yes" option to retain this code.
Endian-ness    : Little
Entry point    : 0x40007880

Program header table offset: 0x00000034
Program header count       : 3
Program header entry size  : 0x0020
Copying data from program header:
	Addr=0x00000100 Size(words)=0x0000088a FileSize=0x0000088a Offset=0x00000100 Flags=0x00000005
Copying data from program header:
	Addr=0x40003000 Size(words)=0x00004000 FileSize=0x00004000 Offset=0x00003000 Flags=0x00000005
Copying data from program header:
	Addr=0x40013000 Size(words)=0x00001ca9 FileSize=0x00001ca9 Offset=0x00013000 Flags=0x00000005
Copying data from program header:
	Addr=0x40030000 Size(words)=0x000007bd FileSize=0x00000183 Offset=0x00020000 Flags=0x00000006
' '
01:13:03 **** Incremental Build of configuration Release for project UVC_AN75779 ****
cs-make all 
'Building file: ../cyfxuvcdscr.c'
'Invoking: Cross ARM C Compiler'
arm-none-eabi-gcc -mcpu=arm926ej-s -marm -mthumb-interwork -O3 -fmessage-length=0 -fsigned-char -ffunction-sections -fdata-sections -Wall  -g -D__CYU3P_TX__=1 -I"C:\Program Files (x86)\Cypress\EZ-USB FX3 SDK\1.3\/fw_lib/1_3_3/inc" -std=gnu11 -MMD -MP -MF"cyfxuvcdscr.d" -MT"cyfxuvcdscr.o" -c -o "cyfxuvcdscr.o" "../cyfxuvcdscr.c"
'Finished building: ../cyfxuvcdscr.c'
' '
'Building target: UVC_AN75779.elf'
'Invoking: Cross ARM C Linker'
arm-none-eabi-gcc -mcpu=arm926ej-s -marm -mthumb-interwork -O3 -fmessage-length=0 -fsigned-char -ffunction-sections -fdata-sections -Wall  -g -T "C:\Program Files (x86)\Cypress\EZ-USB FX3 SDK\1.3\/fw_build/fx3_fw/fx3.ld" -nostartfiles -Xlinker --gc-sections -L"C:\Program Files (x86)\Cypress\EZ-USB FX3 SDK\1.3\/fw_lib/1_3_3/fx3_release" -L"C:\Program Files (x86)\Cypress\EZ-USB FX3 SDK\1.3\ARM GCC\/lib/gcc/arm-none-eabi/4.8.1" -L"C:\Program Files (x86)\Cypress\EZ-USB FX3 SDK\1.3\ARM GCC\/arm-none-eabi/lib" -Wl,-Map,"UVC_AN75779.map" -Wl,-d  -Wl,--no-wchar-size-warning -Wl,--entry,CyU3PFirmwareEntry -o "UVC_AN75779.elf"  ./.metadata/.plugins/org.eclipse.cdt.make.core/specs.o  ./camera_ptzcontrol.o ./cyfx_gcc_startup.o ./cyfxtx.o ./cyfxuvcdscr.o ./sensor.o ./uvc.o   -lcyu3lpp -lcyfxapi -lcyu3threadx -lc -lgcc
'Finished building target: UVC_AN75779.elf'
' '
cs-make --no-print-directory post-build
'Generate boot-loadable binary image'
'C:\Program Files (x86)\Cypress\EZ-USB FX3 SDK\1.3\/util/elf2img/elf2img.exe' -i UVC_AN75779.elf -o UVC_AN75779.img -v
Note: 256 bytes of interrupt vector code have been removed from the image.
Endian-ness    : Little
      Use the "-vectorload yes" option to retain this code.

Entry point    : 0x40007880
Program header table offset: 0x00000034
Program header count       : 3
Program header entry size  : 0x0020
Copying data from program header:
	Addr=0x00000100 Size(words)=0x0000088a FileSize=0x0000088a Offset=0x00000100 Flags=0x00000005
Copying data from program header:
	Addr=0x40003000 Size(words)=0x00004000 FileSize=0x00004000 Offset=0x00003000 Flags=0x00000005
Copying data from program header:
	Addr=0x40013000 Size(words)=0x00001ca9 FileSize=0x00001ca9 Offset=0x00013000 Flags=0x00000005
Copying data from program header:
	Addr=0x40030000 Size(words)=0x000007bd FileSize=0x00000183 Offset=0x00020000 Flags=0x00000006
' '
01:13:41 **** Incremental Build of configuration Release for project UVC_AN75779 ****
cs-make all 
'Building file: ../cyfxuvcdscr.c'
'Invoking: Cross ARM C Compiler'
arm-none-eabi-gcc -mcpu=arm926ej-s -marm -mthumb-interwork -O3 -fmessage-length=0 -fsigned-char -ffunction-sections -fdata-sections -Wall  -g -D__CYU3P_TX__=1 -I"C:\Program Files (x86)\Cypress\EZ-USB FX3 SDK\1.3\/fw_lib/1_3_3/inc" -std=gnu11 -MMD -MP -MF"cyfxuvcdscr.d" -MT"cyfxuvcdscr.o" -c -o "cyfxuvcdscr.o" "../cyfxuvcdscr.c"
'Finished building: ../cyfxuvcdscr.c'
' '
'Building target: UVC_AN75779.elf'
'Invoking: Cross ARM C Linker'
arm-none-eabi-gcc -mcpu=arm926ej-s -marm -mthumb-interwork -O3 -fmessage-length=0 -fsigned-char -ffunction-sections -fdata-sections -Wall  -g -T "C:\Program Files (x86)\Cypress\EZ-USB FX3 SDK\1.3\/fw_build/fx3_fw/fx3.ld" -nostartfiles -Xlinker --gc-sections -L"C:\Program Files (x86)\Cypress\EZ-USB FX3 SDK\1.3\/fw_lib/1_3_3/fx3_release" -L"C:\Program Files (x86)\Cypress\EZ-USB FX3 SDK\1.3\ARM GCC\/lib/gcc/arm-none-eabi/4.8.1" -L"C:\Program Files (x86)\Cypress\EZ-USB FX3 SDK\1.3\ARM GCC\/arm-none-eabi/lib" -Wl,-Map,"UVC_AN75779.map" -Wl,-d  -Wl,--no-wchar-size-warning -Wl,--entry,CyU3PFirmwareEntry -o "UVC_AN75779.elf"  ./.metadata/.plugins/org.eclipse.cdt.make.core/specs.o  ./camera_ptzcontrol.o ./cyfx_gcc_startup.o ./cyfxtx.o ./cyfxuvcdscr.o ./sensor.o ./uvc.o   -lcyu3lpp -lcyfxapi -lcyu3threadx -lc -lgcc
'Finished building target: UVC_AN75779.elf'
' '
cs-make --no-print-directory post-build
'Generate boot-loadable binary image'
'C:\Program Files (x86)\Cypress\EZ-USB FX3 SDK\1.3\/util/elf2img/elf2img.exe' -i UVC_AN75779.elf -o UVC_AN75779.img -v
Note: 256 bytes of interrupt vector code have been removed from the image.
      Use the "-vectorload yes" option to retain this code.
Endian-ness    : Little
Entry point    : 0x40007880

Program header table offset: 0x00000034
Program header count       : 3
Program header entry size  : 0x0020
Copying data from program header:
	Addr=0x00000100 Size(words)=0x0000088a FileSize=0x0000088a Offset=0x00000100 Flags=0x00000005
Copying data from program header:
	Addr=0x40003000 Size(words)=0x00004000 FileSize=0x00004000 Offset=0x00003000 Flags=0x00000005
Copying data from program header:
	Addr=0x40013000 Size(words)=0x00001ca9 FileSize=0x00001ca9 Offset=0x00013000 Flags=0x00000005
Copying data from program header:
	Addr=0x40030000 Size(words)=0x000007bd FileSize=0x00000183 Offset=0x00020000 Flags=0x00000006
' '
01:15:45 **** Incremental Build of configuration Release for project UVC_AN75779 ****
cs-make all 
cs-make: Nothing to be done for `all'.
01:15:59 **** Incremental Build of configuration Release for project UVC_AN75779 ****
cs-make all 
'Building file: ../cyfxuvcdscr.c'
'Invoking: Cross ARM C Compiler'
arm-none-eabi-gcc -mcpu=arm926ej-s -marm -mthumb-interwork -O3 -fmessage-length=0 -fsigned-char -ffunction-sections -fdata-sections -Wall  -g -D__CYU3P_TX__=1 -I"C:\Program Files (x86)\Cypress\EZ-USB FX3 SDK\1.3\/fw_lib/1_3_3/inc" -std=gnu11 -MMD -MP -MF"cyfxuvcdscr.d" -MT"cyfxuvcdscr.o" -c -o "cyfxuvcdscr.o" "../cyfxuvcdscr.c"
'Finished building: ../cyfxuvcdscr.c'
' '
'Building target: UVC_AN75779.elf'
'Invoking: Cross ARM C Linker'
arm-none-eabi-gcc -mcpu=arm926ej-s -marm -mthumb-interwork -O3 -fmessage-length=0 -fsigned-char -ffunction-sections -fdata-sections -Wall  -g -T "C:\Program Files (x86)\Cypress\EZ-USB FX3 SDK\1.3\/fw_build/fx3_fw/fx3.ld" -nostartfiles -Xlinker --gc-sections -L"C:\Program Files (x86)\Cypress\EZ-USB FX3 SDK\1.3\/fw_lib/1_3_3/fx3_release" -L"C:\Program Files (x86)\Cypress\EZ-USB FX3 SDK\1.3\ARM GCC\/lib/gcc/arm-none-eabi/4.8.1" -L"C:\Program Files (x86)\Cypress\EZ-USB FX3 SDK\1.3\ARM GCC\/arm-none-eabi/lib" -Wl,-Map,"UVC_AN75779.map" -Wl,-d  -Wl,--no-wchar-size-warning -Wl,--entry,CyU3PFirmwareEntry -o "UVC_AN75779.elf"  ./.metadata/.plugins/org.eclipse.cdt.make.core/specs.o  ./camera_ptzcontrol.o ./cyfx_gcc_startup.o ./cyfxtx.o ./cyfxuvcdscr.o ./sensor.o ./uvc.o   -lcyu3lpp -lcyfxapi -lcyu3threadx -lc -lgcc
'Finished building target: UVC_AN75779.elf'
' '
cs-make --no-print-directory post-build
'Generate boot-loadable binary image'
'C:\Program Files (x86)\Cypress\EZ-USB FX3 SDK\1.3\/util/elf2img/elf2img.exe' -i UVC_AN75779.elf -o UVC_AN75779.img -v
Note: 256 bytes of interrupt vector code have been removed from the image.
      Use the "-vectorload yes" option to retain this code.
Endian-ness    : Little

Entry point    : 0x40007880
Program header table offset: 0x00000034
Program header count       : 3
Program header entry size  : 0x0020
Copying data from program header:
	Addr=0x00000100 Size(words)=0x0000088a FileSize=0x0000088a Offset=0x00000100 Flags=0x00000005
Copying data from program header:
	Addr=0x40003000 Size(words)=0x00004000 FileSize=0x00004000 Offset=0x00003000 Flags=0x00000005
Copying data from program header:
	Addr=0x40013000 Size(words)=0x00001ca9 FileSize=0x00001ca9 Offset=0x00013000 Flags=0x00000005
Copying data from program header:
	Addr=0x40030000 Size(words)=0x000007bd FileSize=0x00000183 Offset=0x00020000 Flags=0x00000006
' '
01:17:16 **** Incremental Build of configuration Release for project UVC_AN75779 ****
cs-make all 
'Building file: ../cyfxuvcdscr.c'
'Invoking: Cross ARM C Compiler'
arm-none-eabi-gcc -mcpu=arm926ej-s -marm -mthumb-interwork -O3 -fmessage-length=0 -fsigned-char -ffunction-sections -fdata-sections -Wall  -g -D__CYU3P_TX__=1 -I"C:\Program Files (x86)\Cypress\EZ-USB FX3 SDK\1.3\/fw_lib/1_3_3/inc" -std=gnu11 -MMD -MP -MF"cyfxuvcdscr.d" -MT"cyfxuvcdscr.o" -c -o "cyfxuvcdscr.o" "../cyfxuvcdscr.c"
'Finished building: ../cyfxuvcdscr.c'
' '
'Building target: UVC_AN75779.elf'
'Invoking: Cross ARM C Linker'
arm-none-eabi-gcc -mcpu=arm926ej-s -marm -mthumb-interwork -O3 -fmessage-length=0 -fsigned-char -ffunction-sections -fdata-sections -Wall  -g -T "C:\Program Files (x86)\Cypress\EZ-USB FX3 SDK\1.3\/fw_build/fx3_fw/fx3.ld" -nostartfiles -Xlinker --gc-sections -L"C:\Program Files (x86)\Cypress\EZ-USB FX3 SDK\1.3\/fw_lib/1_3_3/fx3_release" -L"C:\Program Files (x86)\Cypress\EZ-USB FX3 SDK\1.3\ARM GCC\/lib/gcc/arm-none-eabi/4.8.1" -L"C:\Program Files (x86)\Cypress\EZ-USB FX3 SDK\1.3\ARM GCC\/arm-none-eabi/lib" -Wl,-Map,"UVC_AN75779.map" -Wl,-d  -Wl,--no-wchar-size-warning -Wl,--entry,CyU3PFirmwareEntry -o "UVC_AN75779.elf"  ./.metadata/.plugins/org.eclipse.cdt.make.core/specs.o  ./camera_ptzcontrol.o ./cyfx_gcc_startup.o ./cyfxtx.o ./cyfxuvcdscr.o ./sensor.o ./uvc.o   -lcyu3lpp -lcyfxapi -lcyu3threadx -lc -lgcc
'Finished building target: UVC_AN75779.elf'
' '
cs-make --no-print-directory post-build
'Generate boot-loadable binary image'
'C:\Program Files (x86)\Cypress\EZ-USB FX3 SDK\1.3\/util/elf2img/elf2img.exe' -i UVC_AN75779.elf -o UVC_AN75779.img -v
Note: 256 bytes of interrupt vector code have been removed from the image.
      Use the "-vectorload yes" option to retain this code.
Endian-ness    : Little

Entry point    : 0x40007880
Program header table offset: 0x00000034
Program header count       : 3
Program header entry size  : 0x0020
Copying data from program header:
	Addr=0x00000100 Size(words)=0x0000088a FileSize=0x0000088a Offset=0x00000100 Flags=0x00000005
Copying data from program header:
	Addr=0x40003000 Size(words)=0x00004000 FileSize=0x00004000 Offset=0x00003000 Flags=0x00000005
Copying data from program header:
	Addr=0x40013000 Size(words)=0x00001ca9 FileSize=0x00001ca9 Offset=0x00013000 Flags=0x00000005
Copying data from program header:
	Addr=0x40030000 Size(words)=0x000007bd FileSize=0x00000183 Offset=0x00020000 Flags=0x00000006
' '
01:19:58 **** Incremental Build of configuration Release for project UVC_AN75779 ****
cs-make all 
'Building file: ../cyfxuvcdscr.c'
'Invoking: Cross ARM C Compiler'
arm-none-eabi-gcc -mcpu=arm926ej-s -marm -mthumb-interwork -O3 -fmessage-length=0 -fsigned-char -ffunction-sections -fdata-sections -Wall  -g -D__CYU3P_TX__=1 -I"C:\Program Files (x86)\Cypress\EZ-USB FX3 SDK\1.3\/fw_lib/1_3_3/inc" -std=gnu11 -MMD -MP -MF"cyfxuvcdscr.d" -MT"cyfxuvcdscr.o" -c -o "cyfxuvcdscr.o" "../cyfxuvcdscr.c"
'Finished building: ../cyfxuvcdscr.c'
' '
'Building target: UVC_AN75779.elf'
'Invoking: Cross ARM C Linker'
arm-none-eabi-gcc -mcpu=arm926ej-s -marm -mthumb-interwork -O3 -fmessage-length=0 -fsigned-char -ffunction-sections -fdata-sections -Wall  -g -T "C:\Program Files (x86)\Cypress\EZ-USB FX3 SDK\1.3\/fw_build/fx3_fw/fx3.ld" -nostartfiles -Xlinker --gc-sections -L"C:\Program Files (x86)\Cypress\EZ-USB FX3 SDK\1.3\/fw_lib/1_3_3/fx3_release" -L"C:\Program Files (x86)\Cypress\EZ-USB FX3 SDK\1.3\ARM GCC\/lib/gcc/arm-none-eabi/4.8.1" -L"C:\Program Files (x86)\Cypress\EZ-USB FX3 SDK\1.3\ARM GCC\/arm-none-eabi/lib" -Wl,-Map,"UVC_AN75779.map" -Wl,-d  -Wl,--no-wchar-size-warning -Wl,--entry,CyU3PFirmwareEntry -o "UVC_AN75779.elf"  ./.metadata/.plugins/org.eclipse.cdt.make.core/specs.o  ./camera_ptzcontrol.o ./cyfx_gcc_startup.o ./cyfxtx.o ./cyfxuvcdscr.o ./sensor.o ./uvc.o   -lcyu3lpp -lcyfxapi -lcyu3threadx -lc -lgcc
'Finished building target: UVC_AN75779.elf'
' '
cs-make --no-print-directory post-build
'Generate boot-loadable binary image'
'C:\Program Files (x86)\Cypress\EZ-USB FX3 SDK\1.3\/util/elf2img/elf2img.exe' -i UVC_AN75779.elf -o UVC_AN75779.img -v
Note: 256 bytes of interrupt vector code have been removed from the image.
Endian-ness    : Little
      Use the "-vectorload yes" option to retain this code.
Entry point    : 0x40007880

Program header table offset: 0x00000034
Program header count       : 3
Program header entry size  : 0x0020
Copying data from program header:
	Addr=0x00000100 Size(words)=0x0000088a FileSize=0x0000088a Offset=0x00000100 Flags=0x00000005
Copying data from program header:
	Addr=0x40003000 Size(words)=0x00004000 FileSize=0x00004000 Offset=0x00003000 Flags=0x00000005
Copying data from program header:
	Addr=0x40013000 Size(words)=0x00001ca9 FileSize=0x00001ca9 Offset=0x00013000 Flags=0x00000005
Copying data from program header:
	Addr=0x40030000 Size(words)=0x000007bd FileSize=0x00000183 Offset=0x00020000 Flags=0x00000006
' '
01:21:53 **** Incremental Build of configuration Release for project UVC_AN75779 ****
cs-make all 
'Building file: ../cyfxuvcdscr.c'
'Invoking: Cross ARM C Compiler'
arm-none-eabi-gcc -mcpu=arm926ej-s -marm -mthumb-interwork -O3 -fmessage-length=0 -fsigned-char -ffunction-sections -fdata-sections -Wall  -g -D__CYU3P_TX__=1 -I"C:\Program Files (x86)\Cypress\EZ-USB FX3 SDK\1.3\/fw_lib/1_3_3/inc" -std=gnu11 -MMD -MP -MF"cyfxuvcdscr.d" -MT"cyfxuvcdscr.o" -c -o "cyfxuvcdscr.o" "../cyfxuvcdscr.c"
'Finished building: ../cyfxuvcdscr.c'
' '
'Building target: UVC_AN75779.elf'
'Invoking: Cross ARM C Linker'
arm-none-eabi-gcc -mcpu=arm926ej-s -marm -mthumb-interwork -O3 -fmessage-length=0 -fsigned-char -ffunction-sections -fdata-sections -Wall  -g -T "C:\Program Files (x86)\Cypress\EZ-USB FX3 SDK\1.3\/fw_build/fx3_fw/fx3.ld" -nostartfiles -Xlinker --gc-sections -L"C:\Program Files (x86)\Cypress\EZ-USB FX3 SDK\1.3\/fw_lib/1_3_3/fx3_release" -L"C:\Program Files (x86)\Cypress\EZ-USB FX3 SDK\1.3\ARM GCC\/lib/gcc/arm-none-eabi/4.8.1" -L"C:\Program Files (x86)\Cypress\EZ-USB FX3 SDK\1.3\ARM GCC\/arm-none-eabi/lib" -Wl,-Map,"UVC_AN75779.map" -Wl,-d  -Wl,--no-wchar-size-warning -Wl,--entry,CyU3PFirmwareEntry -o "UVC_AN75779.elf"  ./.metadata/.plugins/org.eclipse.cdt.make.core/specs.o  ./camera_ptzcontrol.o ./cyfx_gcc_startup.o ./cyfxtx.o ./cyfxuvcdscr.o ./sensor.o ./uvc.o   -lcyu3lpp -lcyfxapi -lcyu3threadx -lc -lgcc
'Finished building target: UVC_AN75779.elf'
' '
cs-make --no-print-directory post-build
'Generate boot-loadable binary image'
'C:\Program Files (x86)\Cypress\EZ-USB FX3 SDK\1.3\/util/elf2img/elf2img.exe' -i UVC_AN75779.elf -o UVC_AN75779.img -v
Note: 256 bytes of interrupt vector code have been removed from the image.
      Use the "-vectorload yes" option to retain this code.
Endian-ness    : Little

Entry point    : 0x40007880
Program header table offset: 0x00000034
Program header count       : 3
Program header entry size  : 0x0020
Copying data from program header:
	Addr=0x00000100 Size(words)=0x0000088a FileSize=0x0000088a Offset=0x00000100 Flags=0x00000005
Copying data from program header:
	Addr=0x40003000 Size(words)=0x00004000 FileSize=0x00004000 Offset=0x00003000 Flags=0x00000005
Copying data from program header:
	Addr=0x40013000 Size(words)=0x00001ca9 FileSize=0x00001ca9 Offset=0x00013000 Flags=0x00000005
Copying data from program header:
	Addr=0x40030000 Size(words)=0x000007bd FileSize=0x00000183 Offset=0x00020000 Flags=0x00000006
' '
01:26:53 **** Incremental Build of configuration Release for project UVC_AN75779 ****
cs-make all 
'Building file: ../cyfxuvcdscr.c'
'Invoking: Cross ARM C Compiler'
arm-none-eabi-gcc -mcpu=arm926ej-s -marm -mthumb-interwork -O3 -fmessage-length=0 -fsigned-char -ffunction-sections -fdata-sections -Wall  -g -D__CYU3P_TX__=1 -I"C:\Program Files (x86)\Cypress\EZ-USB FX3 SDK\1.3\/fw_lib/1_3_3/inc" -std=gnu11 -MMD -MP -MF"cyfxuvcdscr.d" -MT"cyfxuvcdscr.o" -c -o "cyfxuvcdscr.o" "../cyfxuvcdscr.c"
'Finished building: ../cyfxuvcdscr.c'
' '
'Building target: UVC_AN75779.elf'
'Invoking: Cross ARM C Linker'
arm-none-eabi-gcc -mcpu=arm926ej-s -marm -mthumb-interwork -O3 -fmessage-length=0 -fsigned-char -ffunction-sections -fdata-sections -Wall  -g -T "C:\Program Files (x86)\Cypress\EZ-USB FX3 SDK\1.3\/fw_build/fx3_fw/fx3.ld" -nostartfiles -Xlinker --gc-sections -L"C:\Program Files (x86)\Cypress\EZ-USB FX3 SDK\1.3\/fw_lib/1_3_3/fx3_release" -L"C:\Program Files (x86)\Cypress\EZ-USB FX3 SDK\1.3\ARM GCC\/lib/gcc/arm-none-eabi/4.8.1" -L"C:\Program Files (x86)\Cypress\EZ-USB FX3 SDK\1.3\ARM GCC\/arm-none-eabi/lib" -Wl,-Map,"UVC_AN75779.map" -Wl,-d  -Wl,--no-wchar-size-warning -Wl,--entry,CyU3PFirmwareEntry -o "UVC_AN75779.elf"  ./.metadata/.plugins/org.eclipse.cdt.make.core/specs.o  ./camera_ptzcontrol.o ./cyfx_gcc_startup.o ./cyfxtx.o ./cyfxuvcdscr.o ./sensor.o ./uvc.o   -lcyu3lpp -lcyfxapi -lcyu3threadx -lc -lgcc
'Finished building target: UVC_AN75779.elf'
' '
cs-make --no-print-directory post-build
'Generate boot-loadable binary image'
'C:\Program Files (x86)\Cypress\EZ-USB FX3 SDK\1.3\/util/elf2img/elf2img.exe' -i UVC_AN75779.elf -o UVC_AN75779.img -v
Note: 256 bytes of interrupt vector code have been removed from the image.
Endian-ness    : Little
      Use the "-vectorload yes" option to retain this code.
Entry point    : 0x40007880

Program header table offset: 0x00000034
Program header count       : 3
Program header entry size  : 0x0020
Copying data from program header:
	Addr=0x00000100 Size(words)=0x0000088a FileSize=0x0000088a Offset=0x00000100 Flags=0x00000005
Copying data from program header:
	Addr=0x40003000 Size(words)=0x00004000 FileSize=0x00004000 Offset=0x00003000 Flags=0x00000005
Copying data from program header:
	Addr=0x40013000 Size(words)=0x00001ca9 FileSize=0x00001ca9 Offset=0x00013000 Flags=0x00000005
Copying data from program header:
	Addr=0x40030000 Size(words)=0x000007bd FileSize=0x00000183 Offset=0x00020000 Flags=0x00000006
' '
01:34:33 **** Incremental Build of configuration Release for project UVC_AN75779 ****
cs-make all 
'Building file: ../cyfxuvcdscr.c'
'Invoking: Cross ARM C Compiler'
arm-none-eabi-gcc -mcpu=arm926ej-s -marm -mthumb-interwork -O3 -fmessage-length=0 -fsigned-char -ffunction-sections -fdata-sections -Wall  -g -D__CYU3P_TX__=1 -I"C:\Program Files (x86)\Cypress\EZ-USB FX3 SDK\1.3\/fw_lib/1_3_3/inc" -std=gnu11 -MMD -MP -MF"cyfxuvcdscr.d" -MT"cyfxuvcdscr.o" -c -o "cyfxuvcdscr.o" "../cyfxuvcdscr.c"
'Finished building: ../cyfxuvcdscr.c'
' '
'Building target: UVC_AN75779.elf'
'Invoking: Cross ARM C Linker'
arm-none-eabi-gcc -mcpu=arm926ej-s -marm -mthumb-interwork -O3 -fmessage-length=0 -fsigned-char -ffunction-sections -fdata-sections -Wall  -g -T "C:\Program Files (x86)\Cypress\EZ-USB FX3 SDK\1.3\/fw_build/fx3_fw/fx3.ld" -nostartfiles -Xlinker --gc-sections -L"C:\Program Files (x86)\Cypress\EZ-USB FX3 SDK\1.3\/fw_lib/1_3_3/fx3_release" -L"C:\Program Files (x86)\Cypress\EZ-USB FX3 SDK\1.3\ARM GCC\/lib/gcc/arm-none-eabi/4.8.1" -L"C:\Program Files (x86)\Cypress\EZ-USB FX3 SDK\1.3\ARM GCC\/arm-none-eabi/lib" -Wl,-Map,"UVC_AN75779.map" -Wl,-d  -Wl,--no-wchar-size-warning -Wl,--entry,CyU3PFirmwareEntry -o "UVC_AN75779.elf"  ./.metadata/.plugins/org.eclipse.cdt.make.core/specs.o  ./camera_ptzcontrol.o ./cyfx_gcc_startup.o ./cyfxtx.o ./cyfxuvcdscr.o ./sensor.o ./uvc.o   -lcyu3lpp -lcyfxapi -lcyu3threadx -lc -lgcc
'Finished building target: UVC_AN75779.elf'
' '
cs-make --no-print-directory post-build
'Generate boot-loadable binary image'
'C:\Program Files (x86)\Cypress\EZ-USB FX3 SDK\1.3\/util/elf2img/elf2img.exe' -i UVC_AN75779.elf -o UVC_AN75779.img -v
Note: 256 bytes of interrupt vector code have been removed from the image.
      Use the "-vectorload yes" option to retain this code.
Endian-ness    : Little

Entry point    : 0x40007880
Program header table offset: 0x00000034
Program header count       : 3
Program header entry size  : 0x0020
Copying data from program header:
	Addr=0x00000100 Size(words)=0x0000088a FileSize=0x0000088a Offset=0x00000100 Flags=0x00000005
Copying data from program header:
	Addr=0x40003000 Size(words)=0x00004000 FileSize=0x00004000 Offset=0x00003000 Flags=0x00000005
Copying data from program header:
	Addr=0x40013000 Size(words)=0x00001ca9 FileSize=0x00001ca9 Offset=0x00013000 Flags=0x00000005
Copying data from program header:
	Addr=0x40030000 Size(words)=0x000007bd FileSize=0x00000183 Offset=0x00020000 Flags=0x00000006
' '
01:38:25 **** Incremental Build of configuration Release for project UVC_AN75779 ****
cs-make all 
'Building file: ../cyfxuvcdscr.c'
'Invoking: Cross ARM C Compiler'
arm-none-eabi-gcc -mcpu=arm926ej-s -marm -mthumb-interwork -O3 -fmessage-length=0 -fsigned-char -ffunction-sections -fdata-sections -Wall  -g -D__CYU3P_TX__=1 -I"C:\Program Files (x86)\Cypress\EZ-USB FX3 SDK\1.3\/fw_lib/1_3_3/inc" -std=gnu11 -MMD -MP -MF"cyfxuvcdscr.d" -MT"cyfxuvcdscr.o" -c -o "cyfxuvcdscr.o" "../cyfxuvcdscr.c"
'Finished building: ../cyfxuvcdscr.c'
' '
'Building target: UVC_AN75779.elf'
'Invoking: Cross ARM C Linker'
arm-none-eabi-gcc -mcpu=arm926ej-s -marm -mthumb-interwork -O3 -fmessage-length=0 -fsigned-char -ffunction-sections -fdata-sections -Wall  -g -T "C:\Program Files (x86)\Cypress\EZ-USB FX3 SDK\1.3\/fw_build/fx3_fw/fx3.ld" -nostartfiles -Xlinker --gc-sections -L"C:\Program Files (x86)\Cypress\EZ-USB FX3 SDK\1.3\/fw_lib/1_3_3/fx3_release" -L"C:\Program Files (x86)\Cypress\EZ-USB FX3 SDK\1.3\ARM GCC\/lib/gcc/arm-none-eabi/4.8.1" -L"C:\Program Files (x86)\Cypress\EZ-USB FX3 SDK\1.3\ARM GCC\/arm-none-eabi/lib" -Wl,-Map,"UVC_AN75779.map" -Wl,-d  -Wl,--no-wchar-size-warning -Wl,--entry,CyU3PFirmwareEntry -o "UVC_AN75779.elf"  ./.metadata/.plugins/org.eclipse.cdt.make.core/specs.o  ./camera_ptzcontrol.o ./cyfx_gcc_startup.o ./cyfxtx.o ./cyfxuvcdscr.o ./sensor.o ./uvc.o   -lcyu3lpp -lcyfxapi -lcyu3threadx -lc -lgcc
'Finished building target: UVC_AN75779.elf'
' '
cs-make --no-print-directory post-build
'Generate boot-loadable binary image'
'C:\Program Files (x86)\Cypress\EZ-USB FX3 SDK\1.3\/util/elf2img/elf2img.exe' -i UVC_AN75779.elf -o UVC_AN75779.img -v
Note: 256 bytes of interrupt vector code have been removed from the image.
Endian-ness    : Little
      Use the "-vectorload yes" option to retain this code.
Entry point    : 0x40007880

Program header table offset: 0x00000034
Program header count       : 3
Program header entry size  : 0x0020
Copying data from program header:
	Addr=0x00000100 Size(words)=0x0000088a FileSize=0x0000088a Offset=0x00000100 Flags=0x00000005
Copying data from program header:
	Addr=0x40003000 Size(words)=0x00004000 FileSize=0x00004000 Offset=0x00003000 Flags=0x00000005
Copying data from program header:
	Addr=0x40013000 Size(words)=0x00001ca9 FileSize=0x00001ca9 Offset=0x00013000 Flags=0x00000005
Copying data from program header:
	Addr=0x40030000 Size(words)=0x000007bd FileSize=0x00000183 Offset=0x00020000 Flags=0x00000006
' '
01:41:07 **** Incremental Build of configuration Release for project UVC_AN75779 ****
cs-make all 
'Building file: ../cyfxuvcdscr.c'
'Invoking: Cross ARM C Compiler'
arm-none-eabi-gcc -mcpu=arm926ej-s -marm -mthumb-interwork -O3 -fmessage-length=0 -fsigned-char -ffunction-sections -fdata-sections -Wall  -g -D__CYU3P_TX__=1 -I"C:\Program Files (x86)\Cypress\EZ-USB FX3 SDK\1.3\/fw_lib/1_3_3/inc" -std=gnu11 -MMD -MP -MF"cyfxuvcdscr.d" -MT"cyfxuvcdscr.o" -c -o "cyfxuvcdscr.o" "../cyfxuvcdscr.c"
'Finished building: ../cyfxuvcdscr.c'
' '
'Building target: UVC_AN75779.elf'
'Invoking: Cross ARM C Linker'
arm-none-eabi-gcc -mcpu=arm926ej-s -marm -mthumb-interwork -O3 -fmessage-length=0 -fsigned-char -ffunction-sections -fdata-sections -Wall  -g -T "C:\Program Files (x86)\Cypress\EZ-USB FX3 SDK\1.3\/fw_build/fx3_fw/fx3.ld" -nostartfiles -Xlinker --gc-sections -L"C:\Program Files (x86)\Cypress\EZ-USB FX3 SDK\1.3\/fw_lib/1_3_3/fx3_release" -L"C:\Program Files (x86)\Cypress\EZ-USB FX3 SDK\1.3\ARM GCC\/lib/gcc/arm-none-eabi/4.8.1" -L"C:\Program Files (x86)\Cypress\EZ-USB FX3 SDK\1.3\ARM GCC\/arm-none-eabi/lib" -Wl,-Map,"UVC_AN75779.map" -Wl,-d  -Wl,--no-wchar-size-warning -Wl,--entry,CyU3PFirmwareEntry -o "UVC_AN75779.elf"  ./.metadata/.plugins/org.eclipse.cdt.make.core/specs.o  ./camera_ptzcontrol.o ./cyfx_gcc_startup.o ./cyfxtx.o ./cyfxuvcdscr.o ./sensor.o ./uvc.o   -lcyu3lpp -lcyfxapi -lcyu3threadx -lc -lgcc
'Finished building target: UVC_AN75779.elf'
' '
cs-make --no-print-directory post-build
'Generate boot-loadable binary image'
'C:\Program Files (x86)\Cypress\EZ-USB FX3 SDK\1.3\/util/elf2img/elf2img.exe' -i UVC_AN75779.elf -o UVC_AN75779.img -v
Note: 256 bytes of interrupt vector code have been removed from the image.
Endian-ness    : Little
      Use the "-vectorload yes" option to retain this code.
Entry point    : 0x40007880

Program header table offset: 0x00000034
Program header count       : 3
Program header entry size  : 0x0020
Copying data from program header:
	Addr=0x00000100 Size(words)=0x0000088a FileSize=0x0000088a Offset=0x00000100 Flags=0x00000005
Copying data from program header:
	Addr=0x40003000 Size(words)=0x00004000 FileSize=0x00004000 Offset=0x00003000 Flags=0x00000005
Copying data from program header:
	Addr=0x40013000 Size(words)=0x00001ca9 FileSize=0x00001ca9 Offset=0x00013000 Flags=0x00000005
Copying data from program header:
	Addr=0x40030000 Size(words)=0x000007bd FileSize=0x00000183 Offset=0x00020000 Flags=0x00000006
' '
01:43:31 **** Incremental Build of configuration Release for project UVC_AN75779 ****
cs-make all 
'Building file: ../cyfxuvcdscr.c'
'Invoking: Cross ARM C Compiler'
arm-none-eabi-gcc -mcpu=arm926ej-s -marm -mthumb-interwork -O3 -fmessage-length=0 -fsigned-char -ffunction-sections -fdata-sections -Wall  -g -D__CYU3P_TX__=1 -I"C:\Program Files (x86)\Cypress\EZ-USB FX3 SDK\1.3\/fw_lib/1_3_3/inc" -std=gnu11 -MMD -MP -MF"cyfxuvcdscr.d" -MT"cyfxuvcdscr.o" -c -o "cyfxuvcdscr.o" "../cyfxuvcdscr.c"
'Finished building: ../cyfxuvcdscr.c'
' '
'Building target: UVC_AN75779.elf'
'Invoking: Cross ARM C Linker'
arm-none-eabi-gcc -mcpu=arm926ej-s -marm -mthumb-interwork -O3 -fmessage-length=0 -fsigned-char -ffunction-sections -fdata-sections -Wall  -g -T "C:\Program Files (x86)\Cypress\EZ-USB FX3 SDK\1.3\/fw_build/fx3_fw/fx3.ld" -nostartfiles -Xlinker --gc-sections -L"C:\Program Files (x86)\Cypress\EZ-USB FX3 SDK\1.3\/fw_lib/1_3_3/fx3_release" -L"C:\Program Files (x86)\Cypress\EZ-USB FX3 SDK\1.3\ARM GCC\/lib/gcc/arm-none-eabi/4.8.1" -L"C:\Program Files (x86)\Cypress\EZ-USB FX3 SDK\1.3\ARM GCC\/arm-none-eabi/lib" -Wl,-Map,"UVC_AN75779.map" -Wl,-d  -Wl,--no-wchar-size-warning -Wl,--entry,CyU3PFirmwareEntry -o "UVC_AN75779.elf"  ./.metadata/.plugins/org.eclipse.cdt.make.core/specs.o  ./camera_ptzcontrol.o ./cyfx_gcc_startup.o ./cyfxtx.o ./cyfxuvcdscr.o ./sensor.o ./uvc.o   -lcyu3lpp -lcyfxapi -lcyu3threadx -lc -lgcc
'Finished building target: UVC_AN75779.elf'
' '
cs-make --no-print-directory post-build
'Generate boot-loadable binary image'
'C:\Program Files (x86)\Cypress\EZ-USB FX3 SDK\1.3\/util/elf2img/elf2img.exe' -i UVC_AN75779.elf -o UVC_AN75779.img -v
Note: 256 bytes of interrupt vector code have been removed from the image.
      Use the "-vectorload yes" option to retain this code.
Endian-ness    : Little

Entry point    : 0x40007880
Program header table offset: 0x00000034
Program header count       : 3
Program header entry size  : 0x0020
Copying data from program header:
	Addr=0x00000100 Size(words)=0x0000088a FileSize=0x0000088a Offset=0x00000100 Flags=0x00000005
Copying data from program header:
	Addr=0x40003000 Size(words)=0x00004000 FileSize=0x00004000 Offset=0x00003000 Flags=0x00000005
Copying data from program header:
	Addr=0x40013000 Size(words)=0x00001ca9 FileSize=0x00001ca9 Offset=0x00013000 Flags=0x00000005
Copying data from program header:
	Addr=0x40030000 Size(words)=0x000007bd FileSize=0x00000183 Offset=0x00020000 Flags=0x00000006
' '
01:45:17 **** Incremental Build of configuration Release for project UVC_AN75779 ****
cs-make all 
'Building file: ../cyfxuvcdscr.c'
'Invoking: Cross ARM C Compiler'
arm-none-eabi-gcc -mcpu=arm926ej-s -marm -mthumb-interwork -O3 -fmessage-length=0 -fsigned-char -ffunction-sections -fdata-sections -Wall  -g -D__CYU3P_TX__=1 -I"C:\Program Files (x86)\Cypress\EZ-USB FX3 SDK\1.3\/fw_lib/1_3_3/inc" -std=gnu11 -MMD -MP -MF"cyfxuvcdscr.d" -MT"cyfxuvcdscr.o" -c -o "cyfxuvcdscr.o" "../cyfxuvcdscr.c"
'Finished building: ../cyfxuvcdscr.c'
' '
'Building target: UVC_AN75779.elf'
'Invoking: Cross ARM C Linker'
arm-none-eabi-gcc -mcpu=arm926ej-s -marm -mthumb-interwork -O3 -fmessage-length=0 -fsigned-char -ffunction-sections -fdata-sections -Wall  -g -T "C:\Program Files (x86)\Cypress\EZ-USB FX3 SDK\1.3\/fw_build/fx3_fw/fx3.ld" -nostartfiles -Xlinker --gc-sections -L"C:\Program Files (x86)\Cypress\EZ-USB FX3 SDK\1.3\/fw_lib/1_3_3/fx3_release" -L"C:\Program Files (x86)\Cypress\EZ-USB FX3 SDK\1.3\ARM GCC\/lib/gcc/arm-none-eabi/4.8.1" -L"C:\Program Files (x86)\Cypress\EZ-USB FX3 SDK\1.3\ARM GCC\/arm-none-eabi/lib" -Wl,-Map,"UVC_AN75779.map" -Wl,-d  -Wl,--no-wchar-size-warning -Wl,--entry,CyU3PFirmwareEntry -o "UVC_AN75779.elf"  ./.metadata/.plugins/org.eclipse.cdt.make.core/specs.o  ./camera_ptzcontrol.o ./cyfx_gcc_startup.o ./cyfxtx.o ./cyfxuvcdscr.o ./sensor.o ./uvc.o   -lcyu3lpp -lcyfxapi -lcyu3threadx -lc -lgcc
'Finished building target: UVC_AN75779.elf'
' '
cs-make --no-print-directory post-build
'Generate boot-loadable binary image'
'C:\Program Files (x86)\Cypress\EZ-USB FX3 SDK\1.3\/util/elf2img/elf2img.exe' -i UVC_AN75779.elf -o UVC_AN75779.img -v
Note: 256 bytes of interrupt vector code have been removed from the image.
      Use the "-vectorload yes" option to retain this code.
Endian-ness    : Little

Entry point    : 0x40007880
Program header table offset: 0x00000034
Program header count       : 3
Program header entry size  : 0x0020
Copying data from program header:
	Addr=0x00000100 Size(words)=0x0000088a FileSize=0x0000088a Offset=0x00000100 Flags=0x00000005
Copying data from program header:
	Addr=0x40003000 Size(words)=0x00004000 FileSize=0x00004000 Offset=0x00003000 Flags=0x00000005
Copying data from program header:
	Addr=0x40013000 Size(words)=0x00001ca9 FileSize=0x00001ca9 Offset=0x00013000 Flags=0x00000005
Copying data from program header:
	Addr=0x40030000 Size(words)=0x000007bd FileSize=0x00000183 Offset=0x00020000 Flags=0x00000006
' '
01:47:08 **** Incremental Build of configuration Release for project UVC_AN75779 ****
cs-make all 
cs-make: Nothing to be done for `all'.
01:47:12 **** Incremental Build of configuration Release for project UVC_AN75779 ****
cs-make all 
'Building file: ../cyfxuvcdscr.c'
'Invoking: Cross ARM C Compiler'
arm-none-eabi-gcc -mcpu=arm926ej-s -marm -mthumb-interwork -O3 -fmessage-length=0 -fsigned-char -ffunction-sections -fdata-sections -Wall  -g -D__CYU3P_TX__=1 -I"C:\Program Files (x86)\Cypress\EZ-USB FX3 SDK\1.3\/fw_lib/1_3_3/inc" -std=gnu11 -MMD -MP -MF"cyfxuvcdscr.d" -MT"cyfxuvcdscr.o" -c -o "cyfxuvcdscr.o" "../cyfxuvcdscr.c"
'Finished building: ../cyfxuvcdscr.c'
' '
'Building target: UVC_AN75779.elf'
'Invoking: Cross ARM C Linker'
arm-none-eabi-gcc -mcpu=arm926ej-s -marm -mthumb-interwork -O3 -fmessage-length=0 -fsigned-char -ffunction-sections -fdata-sections -Wall  -g -T "C:\Program Files (x86)\Cypress\EZ-USB FX3 SDK\1.3\/fw_build/fx3_fw/fx3.ld" -nostartfiles -Xlinker --gc-sections -L"C:\Program Files (x86)\Cypress\EZ-USB FX3 SDK\1.3\/fw_lib/1_3_3/fx3_release" -L"C:\Program Files (x86)\Cypress\EZ-USB FX3 SDK\1.3\ARM GCC\/lib/gcc/arm-none-eabi/4.8.1" -L"C:\Program Files (x86)\Cypress\EZ-USB FX3 SDK\1.3\ARM GCC\/arm-none-eabi/lib" -Wl,-Map,"UVC_AN75779.map" -Wl,-d  -Wl,--no-wchar-size-warning -Wl,--entry,CyU3PFirmwareEntry -o "UVC_AN75779.elf"  ./.metadata/.plugins/org.eclipse.cdt.make.core/specs.o  ./camera_ptzcontrol.o ./cyfx_gcc_startup.o ./cyfxtx.o ./cyfxuvcdscr.o ./sensor.o ./uvc.o   -lcyu3lpp -lcyfxapi -lcyu3threadx -lc -lgcc
'Finished building target: UVC_AN75779.elf'
' '
cs-make --no-print-directory post-build
'Generate boot-loadable binary image'
'C:\Program Files (x86)\Cypress\EZ-USB FX3 SDK\1.3\/util/elf2img/elf2img.exe' -i UVC_AN75779.elf -o UVC_AN75779.img -v
Note: 256 bytes of interrupt vector code have been removed from the image.
      Use the "-vectorload yes" option to retain this code.

Endian-ness    : Little
Entry point    : 0x40007880
Program header table offset: 0x00000034
Program header count       : 3
Program header entry size  : 0x0020
Copying data from program header:
	Addr=0x00000100 Size(words)=0x0000088a FileSize=0x0000088a Offset=0x00000100 Flags=0x00000005
Copying data from program header:
	Addr=0x40003000 Size(words)=0x00004000 FileSize=0x00004000 Offset=0x00003000 Flags=0x00000005
Copying data from program header:
	Addr=0x40013000 Size(words)=0x00001ca9 FileSize=0x00001ca9 Offset=0x00013000 Flags=0x00000005
Copying data from program header:
	Addr=0x40030000 Size(words)=0x000007bd FileSize=0x00000183 Offset=0x00020000 Flags=0x00000006
' '
01:51:16 **** Incremental Build of configuration Release for project UVC_AN75779 ****
cs-make all 
cs-make: Nothing to be done for `all'.
01:51:22 **** Incremental Build of configuration Release for project UVC_AN75779 ****
cs-make all 
'Building file: ../cyfxuvcdscr.c'
'Invoking: Cross ARM C Compiler'
arm-none-eabi-gcc -mcpu=arm926ej-s -marm -mthumb-interwork -O3 -fmessage-length=0 -fsigned-char -ffunction-sections -fdata-sections -Wall  -g -D__CYU3P_TX__=1 -I"C:\Program Files (x86)\Cypress\EZ-USB FX3 SDK\1.3\/fw_lib/1_3_3/inc" -std=gnu11 -MMD -MP -MF"cyfxuvcdscr.d" -MT"cyfxuvcdscr.o" -c -o "cyfxuvcdscr.o" "../cyfxuvcdscr.c"
'Finished building: ../cyfxuvcdscr.c'
' '
'Building target: UVC_AN75779.elf'
'Invoking: Cross ARM C Linker'
arm-none-eabi-gcc -mcpu=arm926ej-s -marm -mthumb-interwork -O3 -fmessage-length=0 -fsigned-char -ffunction-sections -fdata-sections -Wall  -g -T "C:\Program Files (x86)\Cypress\EZ-USB FX3 SDK\1.3\/fw_build/fx3_fw/fx3.ld" -nostartfiles -Xlinker --gc-sections -L"C:\Program Files (x86)\Cypress\EZ-USB FX3 SDK\1.3\/fw_lib/1_3_3/fx3_release" -L"C:\Program Files (x86)\Cypress\EZ-USB FX3 SDK\1.3\ARM GCC\/lib/gcc/arm-none-eabi/4.8.1" -L"C:\Program Files (x86)\Cypress\EZ-USB FX3 SDK\1.3\ARM GCC\/arm-none-eabi/lib" -Wl,-Map,"UVC_AN75779.map" -Wl,-d  -Wl,--no-wchar-size-warning -Wl,--entry,CyU3PFirmwareEntry -o "UVC_AN75779.elf"  ./.metadata/.plugins/org.eclipse.cdt.make.core/specs.o  ./camera_ptzcontrol.o ./cyfx_gcc_startup.o ./cyfxtx.o ./cyfxuvcdscr.o ./sensor.o ./uvc.o   -lcyu3lpp -lcyfxapi -lcyu3threadx -lc -lgcc
'Finished building target: UVC_AN75779.elf'
' '
cs-make --no-print-directory post-build
'Generate boot-loadable binary image'
'C:\Program Files (x86)\Cypress\EZ-USB FX3 SDK\1.3\/util/elf2img/elf2img.exe' -i UVC_AN75779.elf -o UVC_AN75779.img -v
Note: 256 bytes of interrupt vector code have been removed from the image.
      Use the "-vectorload yes" option to retain this code.

Endian-ness    : Little
Entry point    : 0x40007880
Program header table offset: 0x00000034
Program header count       : 3
Program header entry size  : 0x0020
Copying data from program header:
	Addr=0x00000100 Size(words)=0x0000088a FileSize=0x0000088a Offset=0x00000100 Flags=0x00000005
Copying data from program header:
	Addr=0x40003000 Size(words)=0x00004000 FileSize=0x00004000 Offset=0x00003000 Flags=0x00000005
Copying data from program header:
	Addr=0x40013000 Size(words)=0x00001ca9 FileSize=0x00001ca9 Offset=0x00013000 Flags=0x00000005
Copying data from program header:
	Addr=0x40030000 Size(words)=0x000007bd FileSize=0x00000183 Offset=0x00020000 Flags=0x00000006
' '
01:54:42 **** Incremental Build of configuration Release for project UVC_AN75779 ****
cs-make all 
'Building file: ../cyfxuvcdscr.c'
'Invoking: Cross ARM C Compiler'
arm-none-eabi-gcc -mcpu=arm926ej-s -marm -mthumb-interwork -O3 -fmessage-length=0 -fsigned-char -ffunction-sections -fdata-sections -Wall  -g -D__CYU3P_TX__=1 -I"C:\Program Files (x86)\Cypress\EZ-USB FX3 SDK\1.3\/fw_lib/1_3_3/inc" -std=gnu11 -MMD -MP -MF"cyfxuvcdscr.d" -MT"cyfxuvcdscr.o" -c -o "cyfxuvcdscr.o" "../cyfxuvcdscr.c"
'Finished building: ../cyfxuvcdscr.c'
' '
'Building target: UVC_AN75779.elf'
'Invoking: Cross ARM C Linker'
arm-none-eabi-gcc -mcpu=arm926ej-s -marm -mthumb-interwork -O3 -fmessage-length=0 -fsigned-char -ffunction-sections -fdata-sections -Wall  -g -T "C:\Program Files (x86)\Cypress\EZ-USB FX3 SDK\1.3\/fw_build/fx3_fw/fx3.ld" -nostartfiles -Xlinker --gc-sections -L"C:\Program Files (x86)\Cypress\EZ-USB FX3 SDK\1.3\/fw_lib/1_3_3/fx3_release" -L"C:\Program Files (x86)\Cypress\EZ-USB FX3 SDK\1.3\ARM GCC\/lib/gcc/arm-none-eabi/4.8.1" -L"C:\Program Files (x86)\Cypress\EZ-USB FX3 SDK\1.3\ARM GCC\/arm-none-eabi/lib" -Wl,-Map,"UVC_AN75779.map" -Wl,-d  -Wl,--no-wchar-size-warning -Wl,--entry,CyU3PFirmwareEntry -o "UVC_AN75779.elf"  ./.metadata/.plugins/org.eclipse.cdt.make.core/specs.o  ./camera_ptzcontrol.o ./cyfx_gcc_startup.o ./cyfxtx.o ./cyfxuvcdscr.o ./sensor.o ./uvc.o   -lcyu3lpp -lcyfxapi -lcyu3threadx -lc -lgcc
'Finished building target: UVC_AN75779.elf'
' '
cs-make --no-print-directory post-build
'Generate boot-loadable binary image'
'C:\Program Files (x86)\Cypress\EZ-USB FX3 SDK\1.3\/util/elf2img/elf2img.exe' -i UVC_AN75779.elf -o UVC_AN75779.img -v
Note: 256 bytes of interrupt vector code have been removed from the image.
      Use the "-vectorload yes" option to retain this code.
Endian-ness    : Little

Entry point    : 0x40007880
Program header table offset: 0x00000034
Program header count       : 3
Program header entry size  : 0x0020
Copying data from program header:
	Addr=0x00000100 Size(words)=0x0000088a FileSize=0x0000088a Offset=0x00000100 Flags=0x00000005
Copying data from program header:
	Addr=0x40003000 Size(words)=0x00004000 FileSize=0x00004000 Offset=0x00003000 Flags=0x00000005
Copying data from program header:
	Addr=0x40013000 Size(words)=0x00001ca9 FileSize=0x00001ca9 Offset=0x00013000 Flags=0x00000005
Copying data from program header:
	Addr=0x40030000 Size(words)=0x000007bd FileSize=0x00000183 Offset=0x00020000 Flags=0x00000006
' '
01:56:18 **** Incremental Build of configuration Release for project UVC_AN75779 ****
cs-make all 
'Building file: ../cyfxuvcdscr.c'
'Invoking: Cross ARM C Compiler'
arm-none-eabi-gcc -mcpu=arm926ej-s -marm -mthumb-interwork -O3 -fmessage-length=0 -fsigned-char -ffunction-sections -fdata-sections -Wall  -g -D__CYU3P_TX__=1 -I"C:\Program Files (x86)\Cypress\EZ-USB FX3 SDK\1.3\/fw_lib/1_3_3/inc" -std=gnu11 -MMD -MP -MF"cyfxuvcdscr.d" -MT"cyfxuvcdscr.o" -c -o "cyfxuvcdscr.o" "../cyfxuvcdscr.c"
'Finished building: ../cyfxuvcdscr.c'
' '
'Building target: UVC_AN75779.elf'
'Invoking: Cross ARM C Linker'
arm-none-eabi-gcc -mcpu=arm926ej-s -marm -mthumb-interwork -O3 -fmessage-length=0 -fsigned-char -ffunction-sections -fdata-sections -Wall  -g -T "C:\Program Files (x86)\Cypress\EZ-USB FX3 SDK\1.3\/fw_build/fx3_fw/fx3.ld" -nostartfiles -Xlinker --gc-sections -L"C:\Program Files (x86)\Cypress\EZ-USB FX3 SDK\1.3\/fw_lib/1_3_3/fx3_release" -L"C:\Program Files (x86)\Cypress\EZ-USB FX3 SDK\1.3\ARM GCC\/lib/gcc/arm-none-eabi/4.8.1" -L"C:\Program Files (x86)\Cypress\EZ-USB FX3 SDK\1.3\ARM GCC\/arm-none-eabi/lib" -Wl,-Map,"UVC_AN75779.map" -Wl,-d  -Wl,--no-wchar-size-warning -Wl,--entry,CyU3PFirmwareEntry -o "UVC_AN75779.elf"  ./.metadata/.plugins/org.eclipse.cdt.make.core/specs.o  ./camera_ptzcontrol.o ./cyfx_gcc_startup.o ./cyfxtx.o ./cyfxuvcdscr.o ./sensor.o ./uvc.o   -lcyu3lpp -lcyfxapi -lcyu3threadx -lc -lgcc
'Finished building target: UVC_AN75779.elf'
' '
cs-make --no-print-directory post-build
'Generate boot-loadable binary image'
'C:\Program Files (x86)\Cypress\EZ-USB FX3 SDK\1.3\/util/elf2img/elf2img.exe' -i UVC_AN75779.elf -o UVC_AN75779.img -v
Note: 256 bytes of interrupt vector code have been removed from the image.
      Use the "-vectorload yes" option to retain this code.
Endian-ness    : Little

Entry point    : 0x40007880
Program header table offset: 0x00000034
Program header count       : 3
Program header entry size  : 0x0020
Copying data from program header:
	Addr=0x00000100 Size(words)=0x0000088a FileSize=0x0000088a Offset=0x00000100 Flags=0x00000005
Copying data from program header:
	Addr=0x40003000 Size(words)=0x00004000 FileSize=0x00004000 Offset=0x00003000 Flags=0x00000005
Copying data from program header:
	Addr=0x40013000 Size(words)=0x00001ca9 FileSize=0x00001ca9 Offset=0x00013000 Flags=0x00000005
Copying data from program header:
	Addr=0x40030000 Size(words)=0x000007bd FileSize=0x00000183 Offset=0x00020000 Flags=0x00000006
' '
