12:45:53 **** Build of configuration Release for project UVC_AN75779 ****
cs-make all 
'Building file: ../.metadata/.plugins/org.eclipse.cdt.make.core/specs.c'
'Invoking: Cross ARM C Compiler'
arm-none-eabi-gcc -mcpu=arm926ej-s -marm -mthumb-interwork -O3 -fmessage-length=0 -fsigned-char -ffunction-sections -fdata-sections -Wall  -g -D__CYU3P_TX__=1 -I"C:\Program Files (x86)\Cypress\EZ-USB FX3 SDK\1.3\/fw_lib/1_3_3/inc" -std=gnu11 -MMD -MP -MF".metadata/.plugins/org.eclipse.cdt.make.core/specs.d" -MT".metadata/.plugins/org.eclipse.cdt.make.core/specs.o" -c -o ".metadata/.plugins/org.eclipse.cdt.make.core/specs.o" "../.metadata/.plugins/org.eclipse.cdt.make.core/specs.c"
'Finished building: ../.metadata/.plugins/org.eclipse.cdt.make.core/specs.c'
' '
'Building file: ../camera_ptzcontrol.c'
'Invoking: Cross ARM C Compiler'
arm-none-eabi-gcc -mcpu=arm926ej-s -marm -mthumb-interwork -O3 -fmessage-length=0 -fsigned-char -ffunction-sections -fdata-sections -Wall  -g -D__CYU3P_TX__=1 -I"C:\Program Files (x86)\Cypress\EZ-USB FX3 SDK\1.3\/fw_lib/1_3_3/inc" -std=gnu11 -MMD -MP -MF"camera_ptzcontrol.d" -MT"camera_ptzcontrol.o" -c -o "camera_ptzcontrol.o" "../camera_ptzcontrol.c"
'Finished building: ../camera_ptzcontrol.c'
' '
'Building file: ../cyfx_gcc_startup.S'
'Invoking: Cross ARM GNU Assembler'
arm-none-eabi-gcc -mcpu=arm926ej-s -marm -mthumb-interwork -O3 -fmessage-length=0 -fsigned-char -ffunction-sections -fdata-sections -Wall  -g -x assembler-with-cpp -I"C:\Program Files (x86)\Cypress\EZ-USB FX3 SDK\1.3\/fw_lib/1_3_3/inc" -MMD -MP -MF"cyfx_gcc_startup.d" -MT"cyfx_gcc_startup.o" -c -o "cyfx_gcc_startup.o" "../cyfx_gcc_startup.S"
'Finished building: ../cyfx_gcc_startup.S'
' '
'Building file: ../cyfxtx.c'
'Invoking: Cross ARM C Compiler'
arm-none-eabi-gcc -mcpu=arm926ej-s -marm -mthumb-interwork -O3 -fmessage-length=0 -fsigned-char -ffunction-sections -fdata-sections -Wall  -g -D__CYU3P_TX__=1 -I"C:\Program Files (x86)\Cypress\EZ-USB FX3 SDK\1.3\/fw_lib/1_3_3/inc" -std=gnu11 -MMD -MP -MF"cyfxtx.d" -MT"cyfxtx.o" -c -o "cyfxtx.o" "../cyfxtx.c"
'Finished building: ../cyfxtx.c'
' '
'Building file: ../cyfxuvcdscr.c'
'Invoking: Cross ARM C Compiler'
arm-none-eabi-gcc -mcpu=arm926ej-s -marm -mthumb-interwork -O3 -fmessage-length=0 -fsigned-char -ffunction-sections -fdata-sections -Wall  -g -D__CYU3P_TX__=1 -I"C:\Program Files (x86)\Cypress\EZ-USB FX3 SDK\1.3\/fw_lib/1_3_3/inc" -std=gnu11 -MMD -MP -MF"cyfxuvcdscr.d" -MT"cyfxuvcdscr.o" -c -o "cyfxuvcdscr.o" "../cyfxuvcdscr.c"
'Finished building: ../cyfxuvcdscr.c'
' '
'Building file: ../sensor.c'
'Invoking: Cross ARM C Compiler'
arm-none-eabi-gcc -mcpu=arm926ej-s -marm -mthumb-interwork -O3 -fmessage-length=0 -fsigned-char -ffunction-sections -fdata-sections -Wall  -g -D__CYU3P_TX__=1 -I"C:\Program Files (x86)\Cypress\EZ-USB FX3 SDK\1.3\/fw_lib/1_3_3/inc" -std=gnu11 -MMD -MP -MF"sensor.d" -MT"sensor.o" -c -o "sensor.o" "../sensor.c"
../sensor.c:307:1: warning: 'Step1_Post_Reset' defined but not used [-Wunused-function]
 Step1_Post_Reset (
 ^
../sensor.c:333:1: warning: 'Step2_PLL_Timing' defined but not used [-Wunused-function]
 Step2_PLL_Timing (
 ^
../sensor.c:383:1: warning: 'Step3_Recommended' defined but not used [-Wunused-function]
 Step3_Recommended (
 ^
../sensor.c:412:1: warning: 'Step4_APGA' defined but not used [-Wunused-function]
 Step4_APGA (
 ^
../sensor.c:425:1: warning: 'Step5_AWB_CCM' defined but not used [-Wunused-function]
 Step5_AWB_CCM (
 ^
../sensor.c:500:1: warning: 'Step7_PIPE_Preference' defined but not used [-Wunused-function]
 Step7_PIPE_Preference (
 ^
../sensor.c:601:1: warning: 'Step8_Features' defined but not used [-Wunused-function]
 Step8_Features (
 ^
../sensor.c:236:1: warning: 'SensorSelectYUY2Format' defined but not used [-Wunused-function]
 SensorSelectYUY2Format (
 ^
'Finished building: ../sensor.c'
' '
'Building file: ../uvc.c'
'Invoking: Cross ARM C Compiler'
arm-none-eabi-gcc -mcpu=arm926ej-s -marm -mthumb-interwork -O3 -fmessage-length=0 -fsigned-char -ffunction-sections -fdata-sections -Wall  -g -D__CYU3P_TX__=1 -I"C:\Program Files (x86)\Cypress\EZ-USB FX3 SDK\1.3\/fw_lib/1_3_3/inc" -std=gnu11 -MMD -MP -MF"uvc.d" -MT"uvc.o" -c -o "uvc.o" "../uvc.c"
'Finished building: ../uvc.c'
' '
'Building target: UVC_AN75779.elf'
'Invoking: Cross ARM C Linker'
arm-none-eabi-gcc -mcpu=arm926ej-s -marm -mthumb-interwork -O3 -fmessage-length=0 -fsigned-char -ffunction-sections -fdata-sections -Wall  -g -T "C:\Program Files (x86)\Cypress\EZ-USB FX3 SDK\1.3\/fw_build/fx3_fw/fx3.ld" -nostartfiles -Xlinker --gc-sections -L"C:\Program Files (x86)\Cypress\EZ-USB FX3 SDK\1.3\/fw_lib/1_3_3/fx3_release" -L"C:\Program Files (x86)\Cypress\EZ-USB FX3 SDK\1.3\ARM GCC\/lib/gcc/arm-none-eabi/4.8.1" -L"C:\Program Files (x86)\Cypress\EZ-USB FX3 SDK\1.3\ARM GCC\/arm-none-eabi/lib" -Wl,-Map,"UVC_AN75779.map" -Wl,-d  -Wl,--no-wchar-size-warning -Wl,--entry,CyU3PFirmwareEntry -o "UVC_AN75779.elf"  ./.metadata/.plugins/org.eclipse.cdt.make.core/specs.o  ./camera_ptzcontrol.o ./cyfx_gcc_startup.o ./cyfxtx.o ./cyfxuvcdscr.o ./sensor.o ./uvc.o   -lcyu3lpp -lcyfxapi -lcyu3threadx -lc -lgcc
'Finished building target: UVC_AN75779.elf'
' '
cs-make --no-print-directory post-build
'Generate boot-loadable binary image'
'C:\Program Files (x86)\Cypress\EZ-USB FX3 SDK\1.3\/util/elf2img/elf2img.exe' -i UVC_AN75779.elf -o UVC_AN75779.img -v
Endian-ness    : Little
Entry point    : 0x40007880
Program header table offset: 0x00000034
Program header count       : 3
Program header entry size  : 0x0020
Copying data from program header:
	Addr=0x00000100 Size(words)=0x0000088a FileSize=0x0000088a Offset=0x00000100 Flags=0x00000005
Copying data from program header:
Note: 256 bytes of interrupt vector code have been removed from the image.
      Use the "-vectorload yes" option to retain this code.

	Addr=0x40003000 Size(words)=0x00004000 FileSize=0x00004000 Offset=0x00003000 Flags=0x00000005
Copying data from program header:
	Addr=0x40013000 Size(words)=0x00001ca9 FileSize=0x00001ca9 Offset=0x00013000 Flags=0x00000005
Copying data from program header:
	Addr=0x40030000 Size(words)=0x000007bd FileSize=0x00000183 Offset=0x00020000 Flags=0x00000006
' '

12:45:57 Build Finished (took 4s.71ms)

