Removed Pin From Net: NetName=+3.3 Pin=C8-2
Removed Pin From Net: NetName=+3.3 Pin=C10-2
Removed Pin From Net: NetName=+3.3 Pin=C11-1
Removed Pin From Net: NetName=VCC Pin=C31-1
Removed Pin From Net: NetName=+3.3 Pin=R4-2
Removed Pin From Net: NetName=+3.3 Pin=R5-2
Removed Pin From Net: NetName=+3.3 Pin=R6-2
Removed Pin From Net: NetName=+3.3 Pin=R7-1
Removed Pin From Net: NetName=+3.3 Pin=R8-1
Removed Pin From Net: NetName=+3.3 Pin=R9-1
Removed Pin From Net: NetName=+3.3 Pin=R10-1
Removed Pin From Net: NetName=VCC Pin=U2-1
Removed Pin From Net: NetName=VCC Pin=U2-4
Removed Pin From Net: NetName=+3.3 Pin=U3-1
Removed Pin From Net: NetName=+3.3 Pin=U3-8
Removed Pin From Net: NetName=+3.3 Pin=U3-13
Removed Pin From Net: NetName=+3.3 Pin=U4-8
Removed Pin From Net: NetName=VCC Pin=UP1-2
Removed Pin From Net: NetName=VCC Pin=UP1-4
Added Pin To Net: NetName=VBAT Pin=C8-2
Added Pin To Net: NetName=VBAT Pin=C10-2
Added Pin To Net: NetName=VBAT Pin=C11-1
Added Pin To Net: NetName=VBAT Pin=C31-1
Added Pin To Net: NetName=VBAT Pin=R4-2
Added Pin To Net: NetName=VBAT Pin=R5-2
Added Pin To Net: NetName=VBAT Pin=R6-2
Added Pin To Net: NetName=VBAT Pin=R7-1
Added Pin To Net: NetName=VBAT Pin=R8-1
Added Pin To Net: NetName=VBAT Pin=R9-1
Added Pin To Net: NetName=VBAT Pin=R10-1
Added Pin To Net: NetName=VBAT Pin=U2-1
Added Pin To Net: NetName=VBAT Pin=U2-4
Added Pin To Net: NetName=VBAT Pin=U3-1
Added Pin To Net: NetName=VBAT Pin=U3-8
Added Pin To Net: NetName=VBAT Pin=U3-13
Added Pin To Net: NetName=VBAT Pin=U4-8
Added Pin To Net: NetName=VBAT Pin=UP1-2
Added Pin To Net: NetName=VBAT Pin=UP1-4
Added Room: Name=Camera_Schematics
Added Room: Name=IMU_Schematics
Added Room: Name=STM32F4_Schematics
Added Room: Name=USB3_Controller_Schematics
