Added Component: Designator=U5(STM-LQFP100_N)
Add component. Clean all parameters for all variants
Add component (AddParameter): Name = "ComponentLink1Description"; Value = "Manufacturer URL"; VariantName = "[No Variations]"
Add component (AddParameter): Name = "ComponentLink1URL"; Value = "http://www.st.com/web/en/home.html"; VariantName = "[No Variations]"
Add component (AddParameter): Name = "ComponentLink2Description"; Value = "Datasheet"; VariantName = "[No Variations]"
Add component (AddParameter): Name = "ComponentLink2URL"; Value = "http://www.st.com/st-web-ui/static/active/en/resource/technical/document/datasheet/DM00037051.pdf"; VariantName = "[No Variations]"
Add component (AddParameter): Name = "ComponentLink3Description"; Value = "Package Specification"; VariantName = "[No Variations]"
Add component (AddParameter): Name = "ComponentLink3URL"; Value = "http://www.st.com/st-web-ui/static/active/en/resource/technical/document/data_brief/DM00071938.pdf"; VariantName = "[No Variations]"
Add component (AddParameter): Name = "Core"; Value = "ARM Cortex-M4"; VariantName = "[No Variations]"
Add component (AddParameter): Name = "D/A Converter"; Value = "2x12-bit"; VariantName = "[No Variations]"
Add component (AddParameter): Name = "DatasheetVersion"; Value = "Rev. 4"; VariantName = "[No Variations]"
Add component (AddParameter): Name = "FLASH Size (Prog) (kB)"; Value = "1024"; VariantName = "[No Variations]"
Add component (AddParameter): Name = "I/Os (High Current)"; Value = "82"; VariantName = "[No Variations]"
Add component (AddParameter): Name = "Internal RAM Size (kB)"; Value = "192"; VariantName = "[No Variations]"
Add component (AddParameter): Name = "Manufacturer"; Value = "STMicroelectronics"; VariantName = "[No Variations]"
Add component (AddParameter): Name = "Mounting Technology"; Value = "Surface Mount"; VariantName = "[No Variations]"
Add component (AddParameter): Name = "Operating Frequency(F) (Processor speed) (MHz)"; Value = "168"; VariantName = "[No Variations]"
Add component (AddParameter): Name = "PackageDescription"; Value = "100-Pin Low Profile Quad Flat Package, 14 x 14 mm Body, 0.5 mm Pitch"; VariantName = "[No Variations]"
Add component (AddParameter): Name = "PackageReference"; Value = "LQFP100"; VariantName = "[No Variations]"
Add component (AddParameter): Name = "PackageVersion"; Value = "Rev. 1, 06/2013"; VariantName = "[No Variations]"
Add component (AddParameter): Name = "Packing"; Value = "Tray"; VariantName = "[No Variations]"
Add component (AddParameter): Name = "PartNumber"; Value = "STM32F407VGT6"; VariantName = "[No Variations]"
Add component (AddParameter): Name = "Supplier 1"; Value = "Digi-Key"; VariantName = "[No Variations]"
Add component (AddParameter): Name = "Supplier 2"; Value = "Farnell"; VariantName = "[No Variations]"
Add component (AddParameter): Name = "Supplier 3"; Value = "Newark"; VariantName = "[No Variations]"
Add component (AddParameter): Name = "Supplier 4"; Value = "Mouser"; VariantName = "[No Variations]"
Add component (AddParameter): Name = "Supplier Part Number 1"; Value = "497-11605-ND"; VariantName = "[No Variations]"
Add component (AddParameter): Name = "Supplier Part Number 2"; Value = "2064368"; VariantName = "[No Variations]"
Add component (AddParameter): Name = "Supplier Part Number 3"; Value = "73T2333"; VariantName = "[No Variations]"
Add component (AddParameter): Name = "Supplier Part Number 4"; Value = "511-STM32F407VGT6"; VariantName = "[No Variations]"
Add component (AddParameter): Name = "Supply Voltage(Vcc) max (V)"; Value = "3.6"; VariantName = "[No Variations]"
Add component (AddParameter): Name = "Supply Voltage(Vcc) min (V)"; Value = "1.8"; VariantName = "[No Variations]"
Added Pin To Net: NetName=CEXPOS Pin=U5-1
Added Pin To Net: NetName=CLED Pin=U5-2
Added Pin To Net: NetName=VBAT Pin=U5-6
Added Pin To Net: NetName=GND Pin=U5-10
Added Pin To Net: NetName=VBAT Pin=U5-11
Added Pin To Net: NetName=OSC_IN Pin=U5-12
Added Pin To Net: NetName=OSC_OUT Pin=U5-13
Added Pin To Net: NetName=NRST Pin=U5-14
Added Pin To Net: NetName=VBAT Pin=U5-19
Added Pin To Net: NetName=GND Pin=U5-20
Added Pin To Net: NetName=VREF+ Pin=U5-21
Added Pin To Net: NetName=VDDA Pin=U5-22
Added Pin To Net: NetName=GND Pin=U5-27
Added Pin To Net: NetName=VBAT Pin=U5-28
Added Pin To Net: NetName=AUX_TXD Pin=U5-47
Added Pin To Net: NetName=AUX_RXD Pin=U5-48
Added Pin To Net: NetName=NetC29_2 Pin=U5-49
Added Pin To Net: NetName=VBAT Pin=U5-50
Added Pin To Net: NetName=AUX_CS Pin=U5-51
Added Pin To Net: NetName=AUX_SCK Pin=U5-52
Added Pin To Net: NetName=AUX_MISO Pin=U5-53
Added Pin To Net: NetName=AUX_MOSI Pin=U5-54
Added Pin To Net: NetName=USB_TXD Pin=U5-68
Added Pin To Net: NetName=USB_RXD Pin=U5-69
Added Pin To Net: NetName=USB_N Pin=U5-70
Added Pin To Net: NetName=USB_P Pin=U5-71
Added Pin To Net: NetName=SWIO Pin=U5-72
Added Pin To Net: NetName=NetC28_2 Pin=U5-73
Added Pin To Net: NetName=GND Pin=U5-74
Added Pin To Net: NetName=VBAT Pin=U5-75
Added Pin To Net: NetName=SWCLK Pin=U5-76
Added Pin To Net: NetName=BAR_CS Pin=U5-77
Added Pin To Net: NetName=BAR_SCK Pin=U5-78
Added Pin To Net: NetName=BAR_SDO Pin=U5-79
Added Pin To Net: NetName=BAR_SDI Pin=U5-80
Added Pin To Net: NetName=CAN_RX Pin=U5-81
Added Pin To Net: NetName=CAN_TX Pin=U5-82
Added Pin To Net: NetName=FPGA_RXD Pin=U5-86
Added Pin To Net: NetName=FPGA_TXD Pin=U5-87
Added Pin To Net: NetName=IMU_CS Pin=U5-88
Added Pin To Net: NetName=IMU_SCK Pin=U5-89
Added Pin To Net: NetName=IMU_SDO Pin=U5-90
Added Pin To Net: NetName=IMU_SDI Pin=U5-91
Added Pin To Net: NetName=GND Pin=U5-94
Added Pin To Net: NetName=CAM_SCL Pin=U5-95
Added Pin To Net: NetName=CAM_SDA Pin=U5-96
Added Pin To Net: NetName=IMU_FSYNC Pin=U5-97
Added Pin To Net: NetName=IMU_INT Pin=U5-98
Added Pin To Net: NetName=GND Pin=U5-99
Added Pin To Net: NetName=VBAT Pin=U5-100
Added Member To Class: ClassName=STM32F4_Schematics Member=Component U5 STM32F407VGT6
